\BOOKMARK [1][-]{section.1}{\376\377\004\043\004\062\004\076\004\064}{}% 1
\BOOKMARK [2][-]{subsection.1.1}{\376\377\004\037\004\100\004\076\004\072\004\073\004\065\004\102\004\101\004\102\004\062\004\076\000\040\004\064\004\070\004\074\004\065\004\075\004\067\004\070\004\076\004\075\004\060\004\073\004\075\004\076\004\101\004\102\004\070}{section.1}% 2
\BOOKMARK [2][-]{subsection.1.2}{\376\377\004\027\004\060\004\110\004\102\004\076\000\040\004\101\004\074\004\060\004\132\004\070\004\062\004\060\004\102\004\070\000\040\004\064\004\070\004\074\004\065\004\075\004\067\004\070\004\130\004\065\000?}{section.1}% 3
\BOOKMARK [2][-]{subsection.1.3}{\376\377\004\037\004\076\004\064\004\065\004\073\004\060\000\040\004\074\004\065\004\102\004\076\004\064\004\060}{section.1}% 4
\BOOKMARK [1][-]{section.2}{\376\377\004\041\004\072\004\103\004\077\000\040\004\077\004\076\004\064\004\060\004\102\004\060\004\072\004\060\000\040\000-\000\040\004\022\004\070\004\075\004\076}{}% 5
\BOOKMARK [1][-]{section.3}{\376\377\004\033\004\070\004\075\004\065\004\060\004\100\004\075\004\065\000\040\004\074\004\065\004\102\004\076\004\064\004\065\000\040\004\101\004\074\004\060\004\132\004\065\004\132\004\060\000\040\004\064\004\070\004\074\004\065\004\075\004\067\004\070\004\076\004\075\004\060\004\073\004\075\004\076\004\101\004\102\004\070}{}% 6
\BOOKMARK [2][-]{subsection.3.1}{\376\377\000P\000C\000A\000\040\000-\000\040\004\020\004\075\004\060\004\073\004\070\004\067\004\060\000\040\004\063\004\073\004\060\004\062\004\075\004\070\004\105\000\040\004\072\004\076\004\074\004\077\004\076\004\075\004\065\004\075\004\102\004\070}{section.3}% 7
\BOOKMARK [3][-]{subsubsection.3.1.1}{\376\377\004\037\004\076\004\101\004\102\004\103\004\077\004\060\004\072}{subsection.3.1}% 8
\BOOKMARK [3][-]{subsubsection.3.1.2}{\376\377\004\034\004\060\004\102\004\100\004\070\004\106\004\065\000\040\004\103\000\040\000P\000C\000A}{subsection.3.1}% 9
\BOOKMARK [3][-]{subsubsection.3.1.3}{\376\377\000S\000c\000r\000e\000e\000\040\000p\000l\000o\000t\000\040\004\070\000\040\004\076\004\061\004\130\004\060\004\110\004\132\004\065\004\075\004\060\000\040\004\062\004\060\004\100\004\070\004\130\004\060\004\075\004\101\004\060}{subsection.3.1}% 10
\BOOKMARK [3][-]{subsubsection.3.1.4}{\376\377\004\042\004\065\004\066\004\070\004\075\004\065\000\040\000\050\000l\000o\000a\000d\000i\000n\000g\000s\000\051\000\040\000-\000\040\004\030\004\075\004\102\004\065\004\100\004\077\004\100\004\065\004\102\004\060\004\106\004\070\004\130\004\060\000\040\004\072\004\076\004\074\004\077\004\076\004\075\004\065\004\075\004\102\004\070}{subsection.3.1}% 11
\BOOKMARK [3][-]{subsubsection.3.1.5}{\376\377\004\036\004\063\004\100\004\060\004\075\004\070\004\107\004\065\004\132\004\060\000\040\000P\000C\000A}{subsection.3.1}% 12
\BOOKMARK [2][-]{subsection.3.2}{\376\377\000L\000D\000A\000\040\000-\000\040\004\033\004\070\004\075\004\065\004\060\004\100\004\075\004\060\000\040\004\064\004\070\004\101\004\072\004\100\004\070\004\074\004\070\004\075\004\060\004\075\004\102\004\075\004\060\000\040\004\060\004\075\004\060\004\073\004\070\004\067\004\060}{section.3}% 13
\BOOKMARK [3][-]{subsubsection.3.2.1}{\376\377\004\044\004\070\004\110\004\065\004\100\004\076\004\062\000\040\004\072\004\100\004\070\004\102\004\065\004\100\004\070\004\130\004\103\004\074\000\040\004\101\004\065\004\077\004\060\004\100\004\060\004\061\004\070\004\073\004\075\004\076\004\101\004\102\004\070}{subsection.3.2}% 14
\BOOKMARK [3][-]{subsubsection.3.2.2}{\376\377\004\037\004\076\004\101\004\102\004\103\004\077\004\060\004\072}{subsection.3.2}% 15
\BOOKMARK [3][-]{subsubsection.3.2.3}{\376\377\004\034\004\060\004\102\004\100\004\070\004\106\004\065\000\040\004\103\000\040\000L\000D\000A}{subsection.3.2}% 16
\BOOKMARK [3][-]{subsubsection.3.2.4}{\376\377\000L\000D\000A\000\040\004\077\004\100\004\076\004\130\004\065\004\072\004\106\004\070\004\130\004\060\000\040\000W\000i\000n\000e\000\040\004\101\004\072\004\103\004\077\004\060}{subsection.3.2}% 17
\BOOKMARK [3][-]{subsubsection.3.2.5}{\376\377\004\034\004\130\004\065\004\100\004\060\000\040\004\101\004\065\004\077\004\060\004\100\004\060\004\061\004\070\004\073\004\075\004\076\004\101\004\102\004\070\000:\000\040\000i\000n\000t\000e\000r\000/\000i\000n\000t\000r\000a\000\040\004\076\004\064\004\075\004\076\004\101}{subsection.3.2}% 18
\BOOKMARK [3][-]{subsubsection.3.2.6}{\376\377\004\036\004\063\004\100\004\060\004\075\004\070\004\107\004\065\004\132\004\060\000\040\000L\000D\000A}{subsection.3.2}% 19
\BOOKMARK [3][-]{subsubsection.3.2.7}{\376\377\004\032\004\060\004\064\004\060\000\040\000L\000D\000A\000\040\004\075\004\060\004\064\004\074\004\060\004\110\004\103\004\130\004\065\000\040\000P\000C\000A}{subsection.3.2}% 20
\BOOKMARK [1][-]{section.4}{\376\377\004\035\004\065\004\073\004\070\004\075\004\065\004\060\004\100\004\075\004\065\000\040\004\074\004\065\004\102\004\076\004\064\004\065\000\040\004\101\004\074\004\060\004\132\004\065\004\132\004\060\000\040\004\064\004\070\004\074\004\065\004\075\004\067\004\070\004\076\004\075\004\060\004\073\004\075\004\076\004\101\004\102\004\070}{}% 21
\BOOKMARK [2][-]{subsection.4.1}{\376\377\000t\000-\000S\000N\000E\000\040\000-\000\040\004\041\004\102\004\076\004\105\004\060\004\101\004\102\004\070\004\107\004\072\004\076\000\040\004\103\004\074\004\065\004\102\004\060\004\132\004\065\000\040\004\101\004\103\004\101\004\130\004\065\004\064\004\075\004\070\004\105\000\040\004\102\004\060\004\107\004\060\004\072\004\060}{section.4}% 22
\BOOKMARK [3][-]{subsubsection.4.1.1}{\376\377\004\037\004\076\004\101\004\102\004\103\004\077\004\060\004\072}{subsection.4.1}% 23
\BOOKMARK [3][-]{subsubsection.4.1.2}{\376\377\004\034\004\060\004\102\004\100\004\070\004\106\004\065\000\040\004\103\000\040\000t\000-\000S\000N\000E}{subsection.4.1}% 24
\BOOKMARK [3][-]{subsubsection.4.1.3}{\376\377\004\045\004\070\004\077\004\065\004\100\004\077\004\060\004\100\004\060\004\074\004\065\004\102\004\060\004\100\000:\000\040\000P\000e\000r\000p\000l\000e\000x\000i\000t\000y}{subsection.4.1}% 25
\BOOKMARK [3][-]{subsubsection.4.1.4}{\376\377\000t\000-\000S\000N\000E\000\040\004\077\004\100\004\076\004\130\004\065\004\072\004\106\004\070\004\130\004\060\000\040\000W\000i\000n\000e\000\040\004\101\004\072\004\103\004\077\004\060}{subsection.4.1}% 26
\BOOKMARK [3][-]{subsubsection.4.1.5}{\376\377\004\036\004\063\004\100\004\060\004\075\004\070\004\107\004\065\004\132\004\060\000\040\000t\000-\000S\000N\000E}{subsection.4.1}% 27
\BOOKMARK [2][-]{subsection.4.2}{\376\377\000U\000M\000A\000P\000\040\000-\000\040\004\043\004\130\004\065\004\064\004\075\004\060\004\107\004\065\004\075\004\060\000\040\004\060\004\077\004\100\004\076\004\072\004\101\004\070\004\074\004\060\004\106\004\070\004\130\004\060\000\040\004\074\004\075\004\076\004\063\004\076\004\101\004\102\004\100\004\103\004\072\004\076\004\101\004\102\004\070}{section.4}% 28
\BOOKMARK [3][-]{subsubsection.4.2.1}{\376\377\004\037\004\076\004\101\004\102\004\103\004\077\004\060\004\072}{subsection.4.2}% 29
\BOOKMARK [3][-]{subsubsection.4.2.2}{\376\377\004\034\004\060\004\102\004\100\004\070\004\106\004\065\000\040\004\103\000\040\000U\000M\000A\000P}{subsection.4.2}% 30
\BOOKMARK [3][-]{subsubsection.4.2.3}{\376\377\004\045\004\070\004\077\004\065\004\100\004\077\004\060\004\100\004\060\004\074\004\065\004\102\004\100\004\070\000\040\000U\000M\000A\000P\000-\004\060}{subsection.4.2}% 31
\BOOKMARK [3][-]{subsubsection.4.2.4}{\376\377\000U\000M\000A\000P\000\040\004\077\004\100\004\076\004\130\004\065\004\072\004\106\004\070\004\130\004\060\000\040\000W\000i\000n\000e\000\040\004\101\004\072\004\103\004\077\004\060}{subsection.4.2}% 32
\BOOKMARK [1][-]{section.5}{\376\377\004\035\004\103\004\074\004\065\004\100\004\070\004\107\004\072\004\070\000\040\004\100\004\065\004\067\004\103\004\073\004\102\004\060\004\102\004\070\000\040\004\070\000\040\004\077\004\076\004\100\004\065\004\122\004\065\004\132\004\065\000\040\004\074\004\065\004\102\004\076\004\064\004\060}{}% 33
\BOOKMARK [2][-]{subsection.5.1}{\376\377\004\022\004\070\004\067\004\103\004\065\004\073\004\075\004\076\000\040\004\077\004\076\004\100\004\065\004\122\004\065\004\132\004\065\000\040\004\075\004\060\000\040\004\070\004\101\004\102\004\070\004\074\000\040\004\077\004\076\004\064\004\060\004\106\004\070\004\074\004\060}{section.5}% 34
\BOOKMARK [2][-]{subsection.5.2}{\376\377\004\033\004\070\004\075\004\065\004\060\004\100\004\075\004\076\000\040\004\075\004\060\004\101\004\077\004\100\004\060\004\074\000\040\004\075\004\065\004\073\004\070\004\075\004\065\004\060\004\100\004\075\004\076\004\063}{section.5}% 35
\BOOKMARK [2][-]{subsection.5.3}{\376\377\004\037\004\100\004\076\004\130\004\065\004\072\004\106\004\070\004\130\004\060\000\040\004\075\004\076\004\062\004\070\004\105\000\040\004\102\004\060\004\107\004\060\004\072\004\060}{section.5}% 36
\BOOKMARK [2][-]{subsection.5.4}{\376\377\004\036\004\101\004\130\004\065\004\102\004\131\004\070\004\062\004\076\004\101\004\102\000\040\004\075\004\060\000\040\004\076\004\064\004\101\004\102\004\103\004\077\004\060\004\132\004\065}{section.5}% 37
\BOOKMARK [2][-]{subsection.5.5}{\376\377\004\043\004\077\004\076\004\100\004\065\004\064\004\075\004\070\000\040\004\077\004\100\004\065\004\063\004\073\004\065\004\064\000\040\004\074\004\065\004\102\004\076\004\064\004\060}{section.5}% 38
\BOOKMARK [2][-]{subsection.5.6}{\376\377\004\032\004\060\004\064\004\060\000\040\004\072\004\076\004\100\004\070\004\101\004\102\004\070\004\102\004\070\000\040\004\072\004\076\004\130\004\103\000\040\004\074\004\065\004\102\004\076\004\064\004\103\000?}{section.5}% 39
\BOOKMARK [1][-]{section.6}{\376\377\004\027\004\060\004\072\004\131\004\103\004\107\004\060\004\072}{}% 40
