This is pdfTeX, Version 3.141592653-2.6-1.40.28 (MiKTeX 25.12) (preloaded format=pdflatex 2026.4.30)  4 JUL 2026 15:47
entering extended mode
 restricted \write18 enabled.
 %&-line parsing enabled.
**./Diplomski.tex
(Diplomski.tex
LaTeX2e <2025-11-01>
L3 programming layer <2025-12-24>
(C:\Users\Korisnik\AppData\Local\Programs\MiKTeX\tex/latex/base\article.cls
Document Class: article 2025/01/22 v1.4n Standard LaTeX document class
(C:\Users\Korisnik\AppData\Local\Programs\MiKTeX\tex/latex/base\size10.clo
File: size10.clo 2025/01/22 v1.4n Standard LaTeX file (size option)
)
\c@part=\count275
\c@section=\count276
\c@subsection=\count277
\c@subsubsection=\count278
\c@paragraph=\count279
\c@subparagraph=\count280
\c@figure=\count281
\c@table=\count282
\abovecaptionskip=\skip49
\belowcaptionskip=\skip50
\bibindent=\dimen148
)
(C:\Users\Korisnik\AppData\Local\Programs\MiKTeX\tex/latex/base\fontenc.sty
Package: fontenc 2025/07/18 v2.1d Standard LaTeX package

(C:\Users\Korisnik\AppData\Local\Programs\MiKTeX\tex/latex/cyrillic\ot2enc.def
File: ot2enc.def 2022/06/11 v3.3b Cyrillic encoding definition file
Now handling font encoding OT2 ...
... processing UTF-8 mapping file for font encoding OT2

(C:\Users\Korisnik\AppData\Local\Programs\MiKTeX\tex/latex/base\ot2enc.dfu
File: ot2enc.dfu 2022/06/07 v1.3c UTF-8 support
   defining Unicode char U+00AB (decimal 171)
   defining Unicode char U+00BB (decimal 187)
   defining Unicode char U+0131 (decimal 305)
   defining Unicode char U+0237 (decimal 567)
   defining Unicode char U+0400 (decimal 1024)
   defining Unicode char U+0401 (decimal 1025)
   defining Unicode char U+0402 (decimal 1026)
   defining Unicode char U+0403 (decimal 1027)
   defining Unicode char U+0404 (decimal 1028)
   defining Unicode char U+0405 (decimal 1029)
   defining Unicode char U+0406 (decimal 1030)
   defining Unicode char U+0408 (decimal 1032)
   defining Unicode char U+0409 (decimal 1033)
   defining Unicode char U+040A (decimal 1034)
   defining Unicode char U+040B (decimal 1035)
   defining Unicode char U+040C (decimal 1036)
   defining Unicode char U+040D (decimal 1037)
   defining Unicode char U+040F (decimal 1039)
   defining Unicode char U+0410 (decimal 1040)
   defining Unicode char U+0411 (decimal 1041)
   defining Unicode char U+0412 (decimal 1042)
   defining Unicode char U+0413 (decimal 1043)
   defining Unicode char U+0414 (decimal 1044)
   defining Unicode char U+0415 (decimal 1045)
   defining Unicode char U+0416 (decimal 1046)
   defining Unicode char U+0417 (decimal 1047)
   defining Unicode char U+0418 (decimal 1048)
   defining Unicode char U+0419 (decimal 1049)
   defining Unicode char U+041A (decimal 1050)
   defining Unicode char U+041B (decimal 1051)
   defining Unicode char U+041C (decimal 1052)
   defining Unicode char U+041D (decimal 1053)
   defining Unicode char U+041E (decimal 1054)
   defining Unicode char U+041F (decimal 1055)
   defining Unicode char U+0420 (decimal 1056)
   defining Unicode char U+0421 (decimal 1057)
   defining Unicode char U+0422 (decimal 1058)
   defining Unicode char U+0423 (decimal 1059)
   defining Unicode char U+0424 (decimal 1060)
   defining Unicode char U+0425 (decimal 1061)
   defining Unicode char U+0426 (decimal 1062)
   defining Unicode char U+0427 (decimal 1063)
   defining Unicode char U+0428 (decimal 1064)
   defining Unicode char U+0429 (decimal 1065)
   defining Unicode char U+042A (decimal 1066)
   defining Unicode char U+042B (decimal 1067)
   defining Unicode char U+042C (decimal 1068)
   defining Unicode char U+042D (decimal 1069)
   defining Unicode char U+042E (decimal 1070)
   defining Unicode char U+042F (decimal 1071)
   defining Unicode char U+0430 (decimal 1072)
   defining Unicode char U+0431 (decimal 1073)
   defining Unicode char U+0432 (decimal 1074)
   defining Unicode char U+0433 (decimal 1075)
   defining Unicode char U+0434 (decimal 1076)
   defining Unicode char U+0435 (decimal 1077)
   defining Unicode char U+0436 (decimal 1078)
   defining Unicode char U+0437 (decimal 1079)
   defining Unicode char U+0438 (decimal 1080)
   defining Unicode char U+0439 (decimal 1081)
   defining Unicode char U+043A (decimal 1082)
   defining Unicode char U+043B (decimal 1083)
   defining Unicode char U+043C (decimal 1084)
   defining Unicode char U+043D (decimal 1085)
   defining Unicode char U+043E (decimal 1086)
   defining Unicode char U+043F (decimal 1087)
   defining Unicode char U+0440 (decimal 1088)
   defining Unicode char U+0441 (decimal 1089)
   defining Unicode char U+0442 (decimal 1090)
   defining Unicode char U+0443 (decimal 1091)
   defining Unicode char U+0444 (decimal 1092)
   defining Unicode char U+0445 (decimal 1093)
   defining Unicode char U+0446 (decimal 1094)
   defining Unicode char U+0447 (decimal 1095)
   defining Unicode char U+0448 (decimal 1096)
   defining Unicode char U+0449 (decimal 1097)
   defining Unicode char U+044A (decimal 1098)
   defining Unicode char U+044B (decimal 1099)
   defining Unicode char U+044C (decimal 1100)
   defining Unicode char U+044D (decimal 1101)
   defining Unicode char U+044E (decimal 1102)
   defining Unicode char U+044F (decimal 1103)
   defining Unicode char U+0450 (decimal 1104)
   defining Unicode char U+0451 (decimal 1105)
   defining Unicode char U+0452 (decimal 1106)
   defining Unicode char U+0453 (decimal 1107)
   defining Unicode char U+0454 (decimal 1108)
   defining Unicode char U+0455 (decimal 1109)
   defining Unicode char U+0456 (decimal 1110)
   defining Unicode char U+0458 (decimal 1112)
   defining Unicode char U+0459 (decimal 1113)
   defining Unicode char U+045A (decimal 1114)
   defining Unicode char U+045B (decimal 1115)
   defining Unicode char U+045C (decimal 1116)
   defining Unicode char U+045D (decimal 1117)
   defining Unicode char U+045F (decimal 1119)
   defining Unicode char U+0462 (decimal 1122)
   defining Unicode char U+0463 (decimal 1123)
   defining Unicode char U+0472 (decimal 1138)
   defining Unicode char U+0473 (decimal 1139)
   defining Unicode char U+0474 (decimal 1140)
   defining Unicode char U+0475 (decimal 1141)
   defining Unicode char U+04C1 (decimal 1217)
   defining Unicode char U+04C2 (decimal 1218)
   defining Unicode char U+04D0 (decimal 1232)
   defining Unicode char U+04D1 (decimal 1233)
   defining Unicode char U+04D2 (decimal 1234)
   defining Unicode char U+04D3 (decimal 1235)
   defining Unicode char U+04D6 (decimal 1238)
   defining Unicode char U+04D7 (decimal 1239)
   defining Unicode char U+04DC (decimal 1244)
   defining Unicode char U+04DD (decimal 1245)
   defining Unicode char U+04DE (decimal 1246)
   defining Unicode char U+04DF (decimal 1247)
   defining Unicode char U+04E2 (decimal 1250)
   defining Unicode char U+04E3 (decimal 1251)
   defining Unicode char U+04E4 (decimal 1252)
   defining Unicode char U+04E5 (decimal 1253)
   defining Unicode char U+04E6 (decimal 1254)
   defining Unicode char U+04E7 (decimal 1255)
   defining Unicode char U+04EC (decimal 1260)
   defining Unicode char U+04ED (decimal 1261)
   defining Unicode char U+04EE (decimal 1262)
   defining Unicode char U+04EF (decimal 1263)
   defining Unicode char U+04F0 (decimal 1264)
   defining Unicode char U+04F1 (decimal 1265)
   defining Unicode char U+04F2 (decimal 1266)
   defining Unicode char U+04F3 (decimal 1267)
   defining Unicode char U+04F4 (decimal 1268)
   defining Unicode char U+04F5 (decimal 1269)
   defining Unicode char U+04F8 (decimal 1272)
   defining Unicode char U+04F9 (decimal 1273)
   defining Unicode char U+2013 (decimal 8211)
   defining Unicode char U+2014 (decimal 8212)
   defining Unicode char U+2018 (decimal 8216)
   defining Unicode char U+2019 (decimal 8217)
   defining Unicode char U+201C (decimal 8220)
   defining Unicode char U+201D (decimal 8221)
   defining Unicode char U+2116 (decimal 8470)
)))
(C:\Users\Korisnik\AppData\Local\Programs\MiKTeX\tex/latex/cmsrb\cmsrb.sty
Package: cmsrb 2020/03/30 v4.0 cmsrb
LaTeX Font Info:    Redeclaring symbol font `operators' on input line 210.
LaTeX Font Info:    Overwriting symbol font `operators' in version `normal'
(Font)                  OT1/cmr/m/n --> OT1/cmrsrbm/m/n on input line 210.
LaTeX Font Info:    Overwriting symbol font `operators' in version `bold'
(Font)                  OT1/cmr/bx/n --> OT1/cmrsrbm/m/n on input line 210.
LaTeX Font Info:    Redeclaring symbol font `letters' on input line 211.
LaTeX Font Info:    Overwriting symbol font `letters' in version `normal'
(Font)                  OML/cmm/m/it --> OML/cmmsrbm/m/it on input line 211.
LaTeX Font Info:    Overwriting symbol font `letters' in version `bold'
(Font)                  OML/cmm/b/it --> OML/cmmsrbm/m/it on input line 211.
LaTeX Font Info:    Redeclaring math alphabet \mathbf on input line 212.
LaTeX Font Info:    Overwriting math alphabet `\mathbf' in version `normal'
(Font)                  OT1/cmr/bx/n --> OT1/cmrsrbm/bx/n on input line 212.
LaTeX Font Info:    Overwriting math alphabet `\mathbf' in version `bold'
(Font)                  OT1/cmr/bx/n --> OT1/cmrsrbm/bx/n on input line 212.
LaTeX Font Info:    Redeclaring math alphabet \mathit on input line 213.
LaTeX Font Info:    Overwriting math alphabet `\mathit' in version `normal'
(Font)                  OT1/cmr/m/it --> OT1/cmrsrbm/m/it on input line 213.
LaTeX Font Info:    Overwriting math alphabet `\mathit' in version `bold'
(Font)                  OT1/cmr/bx/it --> OT1/cmrsrbm/m/it on input line 213.
LaTeX Font Info:    Redeclaring math alphabet \mathsf on input line 214.
LaTeX Font Info:    Overwriting math alphabet `\mathsf' in version `normal'
(Font)                  OT1/cmss/m/n --> OT1/cmsssrbm/m/n on input line 214.
LaTeX Font Info:    Overwriting math alphabet `\mathsf' in version `bold'
(Font)                  OT1/cmss/bx/n --> OT1/cmsssrbm/m/n on input line 214.
LaTeX Font Info:    Redeclaring math alphabet \mathtt on input line 215.
LaTeX Font Info:    Overwriting math alphabet `\mathtt' in version `normal'
(Font)                  OT1/cmtt/m/n --> OT1/cmttsrbm/m/n on input line 215.
LaTeX Font Info:    Overwriting math alphabet `\mathtt' in version `bold'
(Font)                  OT1/cmtt/m/n --> OT1/cmttsrbm/m/n on input line 215.
)
(C:\Users\Korisnik\AppData\Local\Programs\MiKTeX\tex/latex/adjustbox\adjustbox.
sty
Package: adjustbox 2025/02/26 v1.3c Adjusting TeX boxes (trim, clip, ...)

(C:\Users\Korisnik\AppData\Local\Programs\MiKTeX\tex/latex/xkeyval\xkeyval.sty
Package: xkeyval 2022/06/16 v2.9 package option processing (HA)

(C:\Users\Korisnik\AppData\Local\Programs\MiKTeX\tex/generic/xkeyval\xkeyval.te
x
(C:\Users\Korisnik\AppData\Local\Programs\MiKTeX\tex/generic/xkeyval\xkvutils.t
ex
\XKV@toks=\toks17
\XKV@tempa@toks=\toks18

(C:\Users\Korisnik\AppData\Local\Programs\MiKTeX\tex/generic/xkeyval\keyval.tex
))
\XKV@depth=\count283
File: xkeyval.tex 2014/12/03 v2.7a key=value parser (HA)
))
(C:\Users\Korisnik\AppData\Local\Programs\MiKTeX\tex/latex/adjustbox\adjcalc.st
y
Package: adjcalc 2012/05/16 v1.1 Provides advanced setlength with multiple back
-ends (calc, etex, pgfmath)
)
(C:\Users\Korisnik\AppData\Local\Programs\MiKTeX\tex/latex/adjustbox\trimclip.s
ty
Package: trimclip 2025/02/21 v1.2a Trim and clip general TeX material

(C:\Users\Korisnik\AppData\Local\Programs\MiKTeX\tex/latex/graphics\graphicx.st
y
Package: graphicx 2024/12/31 v1.2e Enhanced LaTeX Graphics (DPC,SPQR)

(C:\Users\Korisnik\AppData\Local\Programs\MiKTeX\tex/latex/graphics\graphics.st
y
Package: graphics 2024/08/06 v1.4g Standard LaTeX Graphics (DPC,SPQR)
 (C:\Users\Korisnik\AppData\Local\Programs\MiKTeX\tex/latex/graphics\trig.sty
Package: trig 2023/12/02 v1.11 sin cos tan (DPC)
)
(C:\Users\Korisnik\AppData\Local\Programs\MiKTeX\tex/latex/graphics-cfg\graphic
s.cfg
File: graphics.cfg 2016/06/04 v1.11 sample graphics configuration
)
Package graphics Info: Driver file: pdftex.def on input line 106.

(C:\Users\Korisnik\AppData\Local\Programs\MiKTeX\tex/latex/graphics-def\pdftex.
def
File: pdftex.def 2025/09/29 v1.2d Graphics/color driver for pdftex
))
\Gin@req@height=\dimen149
\Gin@req@width=\dimen150
)
(C:\Users\Korisnik\AppData\Local\Programs\MiKTeX\tex/latex/collectbox\collectbo
x.sty
Package: collectbox 2022/10/17 v0.4c Collect macro arguments as boxes
\collectedbox=\box53
)
\tc@llx=\dimen151
\tc@lly=\dimen152
\tc@urx=\dimen153
\tc@ury=\dimen154
Package trimclip Info: Using driver 'tc-pdftex.def'.

(C:\Users\Korisnik\AppData\Local\Programs\MiKTeX\tex/latex/adjustbox\tc-pdftex.
def
File: tc-pdftex.def 2025/02/26 v2.3 Clipping driver for pdftex
))
\adjbox@Width=\dimen155
\adjbox@Height=\dimen156
\adjbox@Depth=\dimen157
\adjbox@Totalheight=\dimen158
\adjbox@pwidth=\dimen159
\adjbox@pheight=\dimen160
\adjbox@pdepth=\dimen161
\adjbox@ptotalheight=\dimen162

(C:\Users\Korisnik\AppData\Local\Programs\MiKTeX\tex/latex/ifoddpage\ifoddpage.
sty
Package: ifoddpage 2022/10/18 v1.2 Conditionals for odd/even page detection
\c@checkoddpage=\count284
)
(C:\Users\Korisnik\AppData\Local\Programs\MiKTeX\tex/latex/varwidth\varwidth.st
y
Package: varwidth 2009/03/30 ver 0.92;  Variable-width minipages
\@vwid@box=\box54
\sift@deathcycles=\count285
\@vwid@loff=\dimen163
\@vwid@roff=\dimen164
)
==> First Aid for varwidth.sty applied!
)
(C:\Users\Korisnik\AppData\Local\Programs\MiKTeX\tex/latex/caption\caption.sty
Package: caption 2023/08/05 v3.6o Customizing captions (AR)

(C:\Users\Korisnik\AppData\Local\Programs\MiKTeX\tex/latex/caption\caption3.sty
Package: caption3 2023/07/31 v2.4d caption3 kernel (AR)
\caption@tempdima=\dimen165
\captionmargin=\dimen166
\caption@leftmargin=\dimen167
\caption@rightmargin=\dimen168
\caption@width=\dimen169
\caption@indent=\dimen170
\caption@parindent=\dimen171
\caption@hangindent=\dimen172
Package caption Info: Standard document class detected.
)
\c@caption@flags=\count286
\c@continuedfloat=\count287
)
(C:\Users\Korisnik\AppData\Local\Programs\MiKTeX\tex/latex/caption\subcaption.s
ty
Package: subcaption 2023/07/28 v1.6b Sub-captions (AR)
Package caption Info: New subtype `subfigure' on input line 238.
\c@subfigure=\count288
Package caption Info: New subtype `subtable' on input line 238.
\c@subtable=\count289
)
(C:\Users\Korisnik\AppData\Local\Programs\MiKTeX\tex/latex/setspace\setspace.st
y
Package: setspace 2022/12/04 v6.7b set line spacing
) (C:\Users\Korisnik\AppData\Local\Programs\MiKTeX\tex/latex/base\fontenc.sty
Package: fontenc 2025/07/18 v2.1d Standard LaTeX package

(C:\Users\Korisnik\AppData\Local\Programs\MiKTeX\tex/latex/cyrillic\t2aenc.def
File: t2aenc.def 2023/11/07 v1.0k Cyrillic encoding definition file
Now handling font encoding T2A ...
... processing UTF-8 mapping file for font encoding T2A

(C:\Users\Korisnik\AppData\Local\Programs\MiKTeX\tex/latex/base\t2aenc.dfu
File: t2aenc.dfu 2022/06/07 v1.3c UTF-8 support
   defining Unicode char U+00A4 (decimal 164)
   defining Unicode char U+00A7 (decimal 167)
   defining Unicode char U+00AB (decimal 171)
   defining Unicode char U+00BB (decimal 187)
   defining Unicode char U+0131 (decimal 305)
   defining Unicode char U+0237 (decimal 567)
   defining Unicode char U+0400 (decimal 1024)
   defining Unicode char U+0401 (decimal 1025)
   defining Unicode char U+0402 (decimal 1026)
   defining Unicode char U+0403 (decimal 1027)
   defining Unicode char U+0404 (decimal 1028)
   defining Unicode char U+0405 (decimal 1029)
   defining Unicode char U+0406 (decimal 1030)
   defining Unicode char U+0407 (decimal 1031)
   defining Unicode char U+0408 (decimal 1032)
   defining Unicode char U+0409 (decimal 1033)
   defining Unicode char U+040A (decimal 1034)
   defining Unicode char U+040B (decimal 1035)
   defining Unicode char U+040C (decimal 1036)
   defining Unicode char U+040D (decimal 1037)
   defining Unicode char U+040E (decimal 1038)
   defining Unicode char U+040F (decimal 1039)
   defining Unicode char U+0410 (decimal 1040)
   defining Unicode char U+0411 (decimal 1041)
   defining Unicode char U+0412 (decimal 1042)
   defining Unicode char U+0413 (decimal 1043)
   defining Unicode char U+0414 (decimal 1044)
   defining Unicode char U+0415 (decimal 1045)
   defining Unicode char U+0416 (decimal 1046)
   defining Unicode char U+0417 (decimal 1047)
   defining Unicode char U+0418 (decimal 1048)
   defining Unicode char U+0419 (decimal 1049)
   defining Unicode char U+041A (decimal 1050)
   defining Unicode char U+041B (decimal 1051)
   defining Unicode char U+041C (decimal 1052)
   defining Unicode char U+041D (decimal 1053)
   defining Unicode char U+041E (decimal 1054)
   defining Unicode char U+041F (decimal 1055)
   defining Unicode char U+0420 (decimal 1056)
   defining Unicode char U+0421 (decimal 1057)
   defining Unicode char U+0422 (decimal 1058)
   defining Unicode char U+0423 (decimal 1059)
   defining Unicode char U+0424 (decimal 1060)
   defining Unicode char U+0425 (decimal 1061)
   defining Unicode char U+0426 (decimal 1062)
   defining Unicode char U+0427 (decimal 1063)
   defining Unicode char U+0428 (decimal 1064)
   defining Unicode char U+0429 (decimal 1065)
   defining Unicode char U+042A (decimal 1066)
   defining Unicode char U+042B (decimal 1067)
   defining Unicode char U+042C (decimal 1068)
   defining Unicode char U+042D (decimal 1069)
   defining Unicode char U+042E (decimal 1070)
   defining Unicode char U+042F (decimal 1071)
   defining Unicode char U+0430 (decimal 1072)
   defining Unicode char U+0431 (decimal 1073)
   defining Unicode char U+0432 (decimal 1074)
   defining Unicode char U+0433 (decimal 1075)
   defining Unicode char U+0434 (decimal 1076)
   defining Unicode char U+0435 (decimal 1077)
   defining Unicode char U+0436 (decimal 1078)
   defining Unicode char U+0437 (decimal 1079)
   defining Unicode char U+0438 (decimal 1080)
   defining Unicode char U+0439 (decimal 1081)
   defining Unicode char U+043A (decimal 1082)
   defining Unicode char U+043B (decimal 1083)
   defining Unicode char U+043C (decimal 1084)
   defining Unicode char U+043D (decimal 1085)
   defining Unicode char U+043E (decimal 1086)
   defining Unicode char U+043F (decimal 1087)
   defining Unicode char U+0440 (decimal 1088)
   defining Unicode char U+0441 (decimal 1089)
   defining Unicode char U+0442 (decimal 1090)
   defining Unicode char U+0443 (decimal 1091)
   defining Unicode char U+0444 (decimal 1092)
   defining Unicode char U+0445 (decimal 1093)
   defining Unicode char U+0446 (decimal 1094)
   defining Unicode char U+0447 (decimal 1095)
   defining Unicode char U+0448 (decimal 1096)
   defining Unicode char U+0449 (decimal 1097)
   defining Unicode char U+044A (decimal 1098)
   defining Unicode char U+044B (decimal 1099)
   defining Unicode char U+044C (decimal 1100)
   defining Unicode char U+044D (decimal 1101)
   defining Unicode char U+044E (decimal 1102)
   defining Unicode char U+044F (decimal 1103)
   defining Unicode char U+0450 (decimal 1104)
   defining Unicode char U+0451 (decimal 1105)
   defining Unicode char U+0452 (decimal 1106)
   defining Unicode char U+0453 (decimal 1107)
   defining Unicode char U+0454 (decimal 1108)
   defining Unicode char U+0455 (decimal 1109)
   defining Unicode char U+0456 (decimal 1110)
   defining Unicode char U+0457 (decimal 1111)
   defining Unicode char U+0458 (decimal 1112)
   defining Unicode char U+0459 (decimal 1113)
   defining Unicode char U+045A (decimal 1114)
   defining Unicode char U+045B (decimal 1115)
   defining Unicode char U+045C (decimal 1116)
   defining Unicode char U+045D (decimal 1117)
   defining Unicode char U+045E (decimal 1118)
   defining Unicode char U+045F (decimal 1119)
   defining Unicode char U+0490 (decimal 1168)
   defining Unicode char U+0491 (decimal 1169)
   defining Unicode char U+0492 (decimal 1170)
   defining Unicode char U+0493 (decimal 1171)
   defining Unicode char U+0496 (decimal 1174)
   defining Unicode char U+0497 (decimal 1175)
   defining Unicode char U+0498 (decimal 1176)
   defining Unicode char U+0499 (decimal 1177)
   defining Unicode char U+049A (decimal 1178)
   defining Unicode char U+049B (decimal 1179)
   defining Unicode char U+049C (decimal 1180)
   defining Unicode char U+049D (decimal 1181)
   defining Unicode char U+04A0 (decimal 1184)
   defining Unicode char U+04A1 (decimal 1185)
   defining Unicode char U+04A2 (decimal 1186)
   defining Unicode char U+04A3 (decimal 1187)
   defining Unicode char U+04A4 (decimal 1188)
   defining Unicode char U+04A5 (decimal 1189)
   defining Unicode char U+04AA (decimal 1194)
   defining Unicode char U+04AB (decimal 1195)
   defining Unicode char U+04AE (decimal 1198)
   defining Unicode char U+04AF (decimal 1199)
   defining Unicode char U+04B0 (decimal 1200)
   defining Unicode char U+04B1 (decimal 1201)
   defining Unicode char U+04B2 (decimal 1202)
   defining Unicode char U+04B3 (decimal 1203)
   defining Unicode char U+04B6 (decimal 1206)
   defining Unicode char U+04B7 (decimal 1207)
   defining Unicode char U+04B8 (decimal 1208)
   defining Unicode char U+04B9 (decimal 1209)
   defining Unicode char U+04BA (decimal 1210)
   defining Unicode char U+04BB (decimal 1211)
   defining Unicode char U+04C0 (decimal 1216)
   defining Unicode char U+04C1 (decimal 1217)
   defining Unicode char U+04C2 (decimal 1218)
   defining Unicode char U+04D0 (decimal 1232)
   defining Unicode char U+04D1 (decimal 1233)
   defining Unicode char U+04D2 (decimal 1234)
   defining Unicode char U+04D3 (decimal 1235)
   defining Unicode char U+04D4 (decimal 1236)
   defining Unicode char U+04D5 (decimal 1237)
   defining Unicode char U+04D6 (decimal 1238)
   defining Unicode char U+04D7 (decimal 1239)
   defining Unicode char U+04D8 (decimal 1240)
   defining Unicode char U+04D9 (decimal 1241)
   defining Unicode char U+04DA (decimal 1242)
   defining Unicode char U+04DB (decimal 1243)
   defining Unicode char U+04DC (decimal 1244)
   defining Unicode char U+04DD (decimal 1245)
   defining Unicode char U+04DE (decimal 1246)
   defining Unicode char U+04DF (decimal 1247)
   defining Unicode char U+04E2 (decimal 1250)
   defining Unicode char U+04E3 (decimal 1251)
   defining Unicode char U+04E4 (decimal 1252)
   defining Unicode char U+04E5 (decimal 1253)
   defining Unicode char U+04E6 (decimal 1254)
   defining Unicode char U+04E7 (decimal 1255)
   defining Unicode char U+04E8 (decimal 1256)
   defining Unicode char U+04E9 (decimal 1257)
   defining Unicode char U+04EC (decimal 1260)
   defining Unicode char U+04ED (decimal 1261)
   defining Unicode char U+04EE (decimal 1262)
   defining Unicode char U+04EF (decimal 1263)
   defining Unicode char U+04F0 (decimal 1264)
   defining Unicode char U+04F1 (decimal 1265)
   defining Unicode char U+04F2 (decimal 1266)
   defining Unicode char U+04F3 (decimal 1267)
   defining Unicode char U+04F4 (decimal 1268)
   defining Unicode char U+04F5 (decimal 1269)
   defining Unicode char U+04F8 (decimal 1272)
   defining Unicode char U+04F9 (decimal 1273)
   defining Unicode char U+200C (decimal 8204)
   defining Unicode char U+2013 (decimal 8211)
   defining Unicode char U+2014 (decimal 8212)
   defining Unicode char U+2018 (decimal 8216)
   defining Unicode char U+2019 (decimal 8217)
   defining Unicode char U+201C (decimal 8220)
   defining Unicode char U+201D (decimal 8221)
   defining Unicode char U+201E (decimal 8222)
   defining Unicode char U+2030 (decimal 8240)
   defining Unicode char U+2031 (decimal 8241)
   defining Unicode char U+2116 (decimal 8470)
   defining Unicode char U+2329 (decimal 9001)
   defining Unicode char U+3008 (decimal 12296)
   defining Unicode char U+232A (decimal 9002)
   defining Unicode char U+3009 (decimal 12297)
   defining Unicode char U+2423 (decimal 9251)
   defining Unicode char U+27E8 (decimal 10216)
   defining Unicode char U+27E9 (decimal 10217)
   defining Unicode char U+FB00 (decimal 64256)
   defining Unicode char U+FB01 (decimal 64257)
   defining Unicode char U+FB02 (decimal 64258)
   defining Unicode char U+FB03 (decimal 64259)
   defining Unicode char U+FB04 (decimal 64260)
   defining Unicode char U+FB05 (decimal 64261)
   defining Unicode char U+FB06 (decimal 64262)
))
LaTeX Font Info:    Trying to load font information for T2A+cmsrbr on input lin
e 116.

(C:\Users\Korisnik\AppData\Local\Programs\MiKTeX\tex/latex/cmsrb\t2acmsrbr.fd
File: t2acmsrbr.fd 
)) (C:\Users\Korisnik\AppData\Local\Programs\MiKTeX\tex/latex/base\inputenc.sty
Package: inputenc 2024/02/08 v1.3d Input encoding file
\inpenc@prehook=\toks19
\inpenc@posthook=\toks20
)
(C:\Users\Korisnik\AppData\Local\Programs\MiKTeX\tex/generic/babel\babel.sty
Package: babel 2025/12/11 v25.17 The multilingual framework for LuaLaTeX, pdfLa
TeX and XeLaTeX
\babel@savecnt=\count290
LaTeX Encoding Info:    Redeclaring text command \ij (encoding OT1) on input li
ne 2068.
LaTeX Encoding Info:    Redeclaring text command \IJ (encoding OT1) on input li
ne 2070.
LaTeX Encoding Info:    Redeclaring text command \ij (encoding T1) on input lin
e 2072.
LaTeX Encoding Info:    Redeclaring text command \IJ (encoding T1) on input lin
e 2073.
LaTeX Encoding Info:    Ignoring declaration for text command \ij (encoding ?) 
on input line 2074.
LaTeX Encoding Info:    Ignoring declaration for text command \IJ (encoding ?) 
on input line 2076.
LaTeX Encoding Info:    Ignoring declaration for text command \SS (encoding ?) 
on input line 2101.
\U@D=\dimen173
\l@unhyphenated=\language79

(C:\Users\Korisnik\AppData\Local\Programs\MiKTeX\tex/generic/babel\txtbabel.def
)
\bbl@readstream=\read2
\bbl@dirlevel=\count291
Package babel Info: Configuration files are deprecated, as
(babel)             they can break document portability.
(babel)             Reported on input line 4196.

*************************************
* Local config file bblopts.cfg used
*
(C:\Users\Korisnik\AppData\Local\Programs\MiKTeX\tex/latex/arabi\bblopts.cfg
File: bblopts.cfg 2005/09/08 v0.1 add Arabic and Farsi to "declared" options of
 babel
)
(C:\Users\Korisnik\AppData\Local\Programs\MiKTeX\tex/generic/babel/locale/inval
id\babel-serbianc.tex)
Package babel Info: Importing font and identification data for serbianc
(babel)             from babel-sr.ini. Reported on input line 4320.

(C:\Users\Korisnik\AppData\Local\Programs\MiKTeX\tex/latex/babel-serbianc\serbi
anc.ldf
Language: serbianc 2022/09/30 3.2a Serbian Cyrillic support for the Babel syste
m
Package babel Info: Making " an active character on input line 92.
\srbc@lettering=\count292
))
(C:\Users\Korisnik\AppData\Local\Programs\MiKTeX\tex/latex/lineno\lineno.sty
Package: lineno 2026/03/08 line numbers on paragraphs v5.9

(C:\Users\Korisnik\AppData\Local\Programs\MiKTeX\tex/latex/etoolbox\etoolbox.st
y
Package: etoolbox 2025/10/02 v2.5m e-TeX tools for LaTeX (JAW)
\etb@tempcnta=\count293
)
(C:\Users\Korisnik\AppData\Local\Programs\MiKTeX\tex/latex/kvoptions\kvoptions.
sty
Package: kvoptions 2022-06-15 v3.15 Key value format for package options (HO)

(C:\Users\Korisnik\AppData\Local\Programs\MiKTeX\tex/generic/ltxcmds\ltxcmds.st
y
Package: ltxcmds 2023-12-04 v1.26 LaTeX kernel commands for general use (HO)
)
(C:\Users\Korisnik\AppData\Local\Programs\MiKTeX\tex/latex/kvsetkeys\kvsetkeys.
sty
Package: kvsetkeys 2022-10-05 v1.19 Key value parser (HO)
))
\linenopenalty=\count294
\output=\toks21
\linenoprevgraf=\count295
\linenumbersep=\dimen174
\linenumberwidth=\dimen175
\c@linenumber=\count296
\c@pagewiselinenumber=\count297
\c@LN@truepage=\count298
\c@internallinenumber=\count299
\c@internallinenumbers=\count300
\quotelinenumbersep=\dimen176
\bframerule=\dimen177
\bframesep=\dimen178
\bframebox=\box55
)
(C:\Users\Korisnik\AppData\Local\Programs\MiKTeX\tex/latex/hyperref\hyperref.st
y
Package: hyperref 2025-07-12 v7.01o Hypertext links for LaTeX
 (C:\Users\Korisnik\AppData\Local\Programs\MiKTeX\tex/generic/iftex\iftex.sty
Package: iftex 2024/12/12 v1.0g TeX engine tests
)
(C:\Users\Korisnik\AppData\Local\Programs\MiKTeX\tex/generic/kvdefinekeys\kvdef
inekeys.sty
Package: kvdefinekeys 2019-12-19 v1.6 Define keys (HO)
)
(C:\Users\Korisnik\AppData\Local\Programs\MiKTeX\tex/generic/pdfescape\pdfescap
e.sty
Package: pdfescape 2019/12/09 v1.15 Implements pdfTeX's escape features (HO)

(C:\Users\Korisnik\AppData\Local\Programs\MiKTeX\tex/generic/pdftexcmds\pdftexc
mds.sty
Package: pdftexcmds 2020-06-27 v0.33 Utility functions of pdfTeX for LuaTeX (HO
)

(C:\Users\Korisnik\AppData\Local\Programs\MiKTeX\tex/generic/infwarerr\infwarer
r.sty
Package: infwarerr 2019/12/03 v1.5 Providing info/warning/error messages (HO)
)
Package pdftexcmds Info: \pdf@primitive is available.
Package pdftexcmds Info: \pdf@ifprimitive is available.
Package pdftexcmds Info: \pdfdraftmode found.
))
(C:\Users\Korisnik\AppData\Local\Programs\MiKTeX\tex/latex/hycolor\hycolor.sty
Package: hycolor 2020-01-27 v1.10 Color options for hyperref/bookmark (HO)
)
(C:\Users\Korisnik\AppData\Local\Programs\MiKTeX\tex/latex/hyperref\nameref.sty
Package: nameref 2025-06-21 v2.57 Cross-referencing by name of section

(C:\Users\Korisnik\AppData\Local\Programs\MiKTeX\tex/latex/refcount\refcount.st
y
Package: refcount 2019/12/15 v3.6 Data extraction from label references (HO)
)
(C:\Users\Korisnik\AppData\Local\Programs\MiKTeX\tex/generic/gettitlestring\get
titlestring.sty
Package: gettitlestring 2019/12/15 v1.6 Cleanup title references (HO)
)
\c@section@level=\count301
)
(C:\Users\Korisnik\AppData\Local\Programs\MiKTeX\tex/generic/stringenc\stringen
c.sty
Package: stringenc 2019/11/29 v1.12 Convert strings between diff. encodings (HO
)
)
\@linkdim=\dimen179
\Hy@linkcounter=\count302
\Hy@pagecounter=\count303

(C:\Users\Korisnik\AppData\Local\Programs\MiKTeX\tex/latex/hyperref\pd1enc.def
File: pd1enc.def 2025-07-12 v7.01o Hyperref: PDFDocEncoding definition (HO)
Now handling font encoding PD1 ...
... no UTF-8 mapping file for font encoding PD1
)
(C:\Users\Korisnik\AppData\Local\Programs\MiKTeX\tex/generic/intcalc\intcalc.st
y
Package: intcalc 2019/12/15 v1.3 Expandable calculations with integers (HO)
)
\Hy@SavedSpaceFactor=\count304

(C:\Users\Korisnik\AppData\Local\Programs\MiKTeX\tex/latex/hyperref\puenc.def
File: puenc.def 2025-07-12 v7.01o Hyperref: PDF Unicode definition (HO)
Now handling font encoding PU ...
... no UTF-8 mapping file for font encoding PU
)
Package hyperref Info: Hyper figures OFF on input line 4195.
Package hyperref Info: Link nesting OFF on input line 4200.
Package hyperref Info: Hyper index ON on input line 4203.
Package hyperref Info: Plain pages OFF on input line 4210.
Package hyperref Info: Backreferencing OFF on input line 4215.
Package hyperref Info: Implicit mode ON; LaTeX internals redefined.
Package hyperref Info: Bookmarks ON on input line 4462.
\c@Hy@tempcnt=\count305

(C:\Users\Korisnik\AppData\Local\Programs\MiKTeX\tex/latex/url\url.sty
\Urlmuskip=\muskip17
Package: url 2013/09/16  ver 3.4  Verb mode for urls, etc.
)
LaTeX Info: Redefining \url on input line 4801.
\XeTeXLinkMargin=\dimen180

(C:\Users\Korisnik\AppData\Local\Programs\MiKTeX\tex/generic/bitset\bitset.sty
Package: bitset 2019/12/09 v1.3 Handle bit-vector datatype (HO)

(C:\Users\Korisnik\AppData\Local\Programs\MiKTeX\tex/generic/bigintcalc\bigintc
alc.sty
Package: bigintcalc 2019/12/15 v1.5 Expandable calculations on big integers (HO
)
))
\Fld@menulength=\count306
\Field@Width=\dimen181
\Fld@charsize=\dimen182
Package hyperref Info: Hyper figures OFF on input line 6078.
Package hyperref Info: Link nesting OFF on input line 6083.
Package hyperref Info: Hyper index ON on input line 6086.
Package hyperref Info: backreferencing OFF on input line 6093.
Package hyperref Info: Link coloring OFF on input line 6098.
Package hyperref Info: Link coloring with OCG OFF on input line 6103.
Package hyperref Info: PDF/A mode OFF on input line 6108.
\Hy@abspage=\count307
\c@Item=\count308
\c@Hfootnote=\count309
)
Package hyperref Info: Driver (autodetected): hpdftex.

(C:\Users\Korisnik\AppData\Local\Programs\MiKTeX\tex/latex/hyperref\hpdftex.def
File: hpdftex.def 2025-07-12 v7.01o Hyperref driver for pdfTeX
\Fld@listcount=\count310
\c@bookmark@seq@number=\count311

(C:\Users\Korisnik\AppData\Local\Programs\MiKTeX\tex/latex/rerunfilecheck\rerun
filecheck.sty
Package: rerunfilecheck 2025-06-21 v1.11 Rerun checks for auxiliary files (HO)

(C:\Users\Korisnik\AppData\Local\Programs\MiKTeX\tex/generic/uniquecounter\uniq
uecounter.sty
Package: uniquecounter 2019/12/15 v1.4 Provide unlimited unique counter (HO)
)
Package uniquecounter Info: New unique counter `rerunfilecheck' on input line 2
84.
)
\Hy@SectionHShift=\skip51
)
(C:\Users\Korisnik\AppData\Local\Programs\MiKTeX\tex/latex/comment\comment.sty
\CommentStream=\write3

Excluding comment 'comment')
(C:\Users\Korisnik\AppData\Local\Programs\MiKTeX\tex/latex/amsmath\amsmath.sty
Package: amsmath 2025/07/09 v2.17z AMS math features
\@mathmargin=\skip52

For additional information on amsmath, use the `?' option.
(C:\Users\Korisnik\AppData\Local\Programs\MiKTeX\tex/latex/amsmath\amstext.sty
Package: amstext 2024/11/17 v2.01 AMS text

(C:\Users\Korisnik\AppData\Local\Programs\MiKTeX\tex/latex/amsmath\amsgen.sty
File: amsgen.sty 1999/11/30 v2.0 generic functions
\@emptytoks=\toks22
\ex@=\dimen183
)) (C:\Users\Korisnik\AppData\Local\Programs\MiKTeX\tex/latex/amsmath\amsbsy.st
y
Package: amsbsy 1999/11/29 v1.2d Bold Symbols
\pmbraise@=\dimen184
) (C:\Users\Korisnik\AppData\Local\Programs\MiKTeX\tex/latex/amsmath\amsopn.sty
Package: amsopn 2022/04/08 v2.04 operator names
)
\inf@bad=\count312
LaTeX Info: Redefining \frac on input line 233.
\uproot@=\count313
\leftroot@=\count314
LaTeX Info: Redefining \overline on input line 398.
LaTeX Info: Redefining \colon on input line 409.
\classnum@=\count315
\DOTSCASE@=\count316
LaTeX Info: Redefining \ldots on input line 495.
LaTeX Info: Redefining \dots on input line 498.
LaTeX Info: Redefining \cdots on input line 619.
\Mathstrutbox@=\box56
\strutbox@=\box57
LaTeX Info: Redefining \big on input line 721.
LaTeX Info: Redefining \Big on input line 722.
LaTeX Info: Redefining \bigg on input line 723.
LaTeX Info: Redefining \Bigg on input line 724.
\big@size=\dimen185
LaTeX Font Info:    Redeclaring font encoding OML on input line 742.
LaTeX Font Info:    Redeclaring font encoding OMS on input line 743.
\macc@depth=\count317
LaTeX Info: Redefining \bmod on input line 904.
LaTeX Info: Redefining \pmod on input line 909.
LaTeX Info: Redefining \smash on input line 939.
LaTeX Info: Redefining \relbar on input line 969.
LaTeX Info: Redefining \Relbar on input line 970.
\c@MaxMatrixCols=\count318
\dotsspace@=\muskip18
\c@parentequation=\count319
\dspbrk@lvl=\count320
\tag@help=\toks23
\row@=\count321
\column@=\count322
\maxfields@=\count323
\andhelp@=\toks24
\eqnshift@=\dimen186
\alignsep@=\dimen187
\tagshift@=\dimen188
\tagwidth@=\dimen189
\totwidth@=\dimen190
\lineht@=\dimen191
\@envbody=\toks25
\multlinegap=\skip53
\multlinetaggap=\skip54
\mathdisplay@stack=\toks26
LaTeX Info: Redefining \[ on input line 2950.
LaTeX Info: Redefining \] on input line 2951.
)
\@LN@amsmath@ams@eqpen=\count324

(C:\Users\Korisnik\AppData\Local\Programs\MiKTeX\tex/latex/amsfonts\amsfonts.st
y
Package: amsfonts 2013/01/14 v3.01 Basic AMSFonts support
\symAMSa=\mathgroup4
\symAMSb=\mathgroup5
LaTeX Font Info:    Redeclaring math symbol \hbar on input line 98.
LaTeX Font Info:    Overwriting math alphabet `\mathfrak' in version `bold'
(Font)                  U/euf/m/n --> U/euf/b/n on input line 106.
)
(C:\Users\Korisnik\AppData\Local\Programs\MiKTeX\tex/latex/newtx\newtxmath.sty
Package: newtxmath 2024/09/22 v1.754

`newtxmath' v1.754, 2024/09/22 Math macros based originally on txfonts (msharpe
) (C:\Users\Korisnik\AppData\Local\Programs\MiKTeX\tex/latex/base\ifthen.sty
Package: ifthen 2024/03/16 v1.1e Standard LaTeX ifthen package (DPC)
)
(C:\Users\Korisnik\AppData\Local\Programs\MiKTeX\tex/latex/oberdiek\centernot.s
ty
Package: centernot 2016/05/16 v1.4 Centers the not symbol horizontally (HO)
)
\tx@cntz=\count325

(C:\Users\Korisnik\AppData\Local\Programs\MiKTeX\tex/generic/binhex\binhex.tex)
\tx@Isdigit=\count326
\tx@IsAlNum=\count327
\tx@tA=\toks27
\tx@tB=\toks28
\tx@su=\read3
amsthm NOT loaded
LaTeX Font Info:    Redeclaring symbol font `operators' on input line 402.
LaTeX Font Info:    Overwriting symbol font `operators' in version `normal'
(Font)                  OT1/cmrsrbm/m/n --> OT1/cmsrbr/m/n on input line 402.
LaTeX Font Info:    Overwriting symbol font `operators' in version `bold'
(Font)                  OT1/cmrsrbm/m/n --> OT1/cmsrbr/m/n on input line 402.
LaTeX Font Info:    Overwriting symbol font `operators' in version `bold'
(Font)                  OT1/cmsrbr/m/n --> OT1/cmsrbr/b/n on input line 403.
LaTeX Font Info:    Redeclaring math alphabet \mathsf on input line 410.
LaTeX Font Info:    Overwriting math alphabet `\mathsf' in version `normal'
(Font)                  OT1/cmsssrbm/m/n --> OT1/cmsrbs/m/n on input line 410.
LaTeX Font Info:    Overwriting math alphabet `\mathsf' in version `bold'
(Font)                  OT1/cmsssrbm/m/n --> OT1/cmsrbs/m/n on input line 410.
LaTeX Font Info:    Overwriting math alphabet `\mathsf' in version `bold'
(Font)                  OT1/cmsrbs/m/n --> OT1/cmsrbs/b/n on input line 412.
LaTeX Font Info:    Redeclaring math alphabet \mathit on input line 419.
LaTeX Font Info:    Overwriting math alphabet `\mathit' in version `normal'
(Font)                  OT1/cmrsrbm/m/it --> OT1/cmsrbr/m/it on input line 419.

LaTeX Font Info:    Overwriting math alphabet `\mathit' in version `bold'
(Font)                  OT1/cmrsrbm/m/it --> OT1/cmsrbr/m/it on input line 419.

LaTeX Font Info:    Redeclaring math alphabet \mathtt on input line 420.
LaTeX Font Info:    Overwriting math alphabet `\mathtt' in version `normal'
(Font)                  OT1/cmttsrbm/m/n --> T2A/cmsrbt/m/n on input line 420.
LaTeX Font Info:    Overwriting math alphabet `\mathtt' in version `bold'
(Font)                  OT1/cmttsrbm/m/n --> T2A/cmsrbt/m/n on input line 420.
LaTeX Font Info:    Redeclaring math alphabet \mathbf on input line 422.
LaTeX Font Info:    Overwriting math alphabet `\mathbf' in version `normal'
(Font)                  OT1/cmrsrbm/bx/n --> OT1/cmsrbr/b/n on input line 422.
LaTeX Font Info:    Overwriting math alphabet `\mathbf' in version `bold'
(Font)                  OT1/cmrsrbm/bx/n --> OT1/cmsrbr/b/n on input line 422.
LaTeX Font Info:    Overwriting math alphabet `\mathit' in version `bold'
(Font)                  OT1/cmsrbr/m/it --> OT1/cmsrbr/b/it on input line 423.
LaTeX Font Info:    Overwriting math alphabet `\mathtt' in version `bold'
(Font)                  T2A/cmsrbt/m/n --> T2A/cmsrbt/b/n on input line 426.
LaTeX Font Info:    Redeclaring symbol font `letters' on input line 534.
LaTeX Font Info:    Overwriting symbol font `letters' in version `normal'
(Font)                  OML/cmmsrbm/m/it --> OML/ntxmi/m/it on input line 534.
LaTeX Font Info:    Overwriting symbol font `letters' in version `bold'
(Font)                  OML/cmmsrbm/m/it --> OML/ntxmi/m/it on input line 534.
LaTeX Font Info:    Overwriting symbol font `letters' in version `bold'
(Font)                  OML/ntxmi/m/it --> OML/ntxmi/b/it on input line 535.
\symlettersA=\mathgroup6
LaTeX Font Info:    Overwriting symbol font `lettersA' in version `bold'
(Font)                  U/ntxmia/m/it --> U/ntxmia/b/it on input line 582.
LaTeX Font Info:    Redeclaring math alphabet \mathfrak on input line 584.
Now handling font encoding LMS ...
... no UTF-8 mapping file for font encoding LMS
LaTeX Font Info:    Redeclaring symbol font `symbols' on input line 604.
LaTeX Font Info:    Encoding `OMS' has changed to `LMS' for symbol font
(Font)              `symbols' in the math version `normal' on input line 604.
LaTeX Font Info:    Overwriting symbol font `symbols' in version `normal'
(Font)                  OMS/cmsy/m/n --> LMS/ntxsy/m/n on input line 604.
LaTeX Font Info:    Encoding `OMS' has changed to `LMS' for symbol font
(Font)              `symbols' in the math version `bold' on input line 604.
LaTeX Font Info:    Overwriting symbol font `symbols' in version `bold'
(Font)                  OMS/cmsy/b/n --> LMS/ntxsy/m/n on input line 604.
LaTeX Font Info:    Overwriting symbol font `symbols' in version `bold'
(Font)                  LMS/ntxsy/m/n --> LMS/ntxsy/b/n on input line 605.
\symAMSm=\mathgroup7
LaTeX Font Info:    Overwriting symbol font `AMSm' in version `bold'
(Font)                  U/ntxsym/m/n --> U/ntxsym/b/n on input line 630.
\symsymbolsC=\mathgroup8
LaTeX Font Info:    Overwriting symbol font `symbolsC' in version `bold'
(Font)                  U/ntxsyc/m/n --> U/ntxsyc/b/n on input line 651.
Now handling font encoding LMX ...
... no UTF-8 mapping file for font encoding LMX
LaTeX Font Info:    Redeclaring symbol font `largesymbols' on input line 664.
LaTeX Font Info:    Encoding `OMX' has changed to `LMX' for symbol font
(Font)              `largesymbols' in the math version `normal' on input line 6
64.
LaTeX Font Info:    Overwriting symbol font `largesymbols' in version `normal'
(Font)                  OMX/cmex/m/n --> LMX/ntxexx/m/n on input line 664.
LaTeX Font Info:    Encoding `OMX' has changed to `LMX' for symbol font
(Font)              `largesymbols' in the math version `bold' on input line 664
.
LaTeX Font Info:    Overwriting symbol font `largesymbols' in version `bold'
(Font)                  OMX/cmex/m/n --> LMX/ntxexx/m/n on input line 664.
LaTeX Font Info:    Overwriting symbol font `largesymbols' in version `bold'
(Font)                  LMX/ntxexx/m/n --> LMX/ntxexx/b/n on input line 665.
\symlargesymbolsTXA=\mathgroup9
LaTeX Font Info:    Overwriting symbol font `largesymbolsTXA' in version `bold'

(Font)                  U/ntxexa/m/n --> U/ntxexa/b/n on input line 679.
\tx@sbptoks=\toks29
LaTeX Font Info:    Redeclaring math delimiter \lfloor on input line 902.
LaTeX Font Info:    Redeclaring math delimiter \rfloor on input line 903.
LaTeX Font Info:    Redeclaring math delimiter \lceil on input line 904.
LaTeX Font Info:    Redeclaring math delimiter \rceil on input line 905.
LaTeX Font Info:    Redeclaring math delimiter \lbrace on input line 910.
LaTeX Font Info:    Redeclaring math delimiter \rbrace on input line 911.
LaTeX Font Info:    Redeclaring math delimiter \langle on input line 913.
LaTeX Font Info:    Redeclaring math delimiter \rangle on input line 915.
LaTeX Font Info:    Redeclaring math delimiter \arrowvert on input line 919.
LaTeX Font Info:    Redeclaring math delimiter \vert on input line 920.
LaTeX Font Info:    Redeclaring math accent \dot on input line 991.
LaTeX Font Info:    Redeclaring math accent \ddot on input line 992.
LaTeX Font Info:    Redeclaring math accent \vec on input line 2057.
LaTeX Info: Redefining \Bbbk on input line 2847.
LaTeX Info: Redefining \not on input line 2995.
)
(C:\Users\Korisnik\AppData\Local\Programs\MiKTeX\tex/latex/tools\enumerate.sty
Package: enumerate 2023/07/04 v3.00 enumerate extensions (DPC)
\@enLab=\toks30
)
(C:\Users\Korisnik\AppData\Local\Programs\MiKTeX\tex/latex/booktabs\booktabs.st
y
Package: booktabs 2020/01/12 v1.61803398 Publication quality tables
\heavyrulewidth=\dimen192
\lightrulewidth=\dimen193
\cmidrulewidth=\dimen194
\belowrulesep=\dimen195
\belowbottomsep=\dimen196
\aboverulesep=\dimen197
\abovetopsep=\dimen198
\cmidrulesep=\dimen199
\cmidrulekern=\dimen256
\defaultaddspace=\dimen257
\@cmidla=\count328
\@cmidlb=\count329
\@aboverulesep=\dimen258
\@belowrulesep=\dimen259
\@thisruleclass=\count330
\@lastruleclass=\count331
\@thisrulewidth=\dimen260
) (C:\Users\Korisnik\AppData\Local\Programs\MiKTeX\tex/latex/float\float.sty
Package: float 2001/11/08 v1.3d Float enhancements (AL)
\c@float@type=\count332
\float@exts=\toks31
\float@box=\box58
\@float@everytoks=\toks32
\@floatcapt=\box59
)
(C:\Users\Korisnik\AppData\Local\Programs\MiKTeX\tex/latex/fancyhdr\fancyhdr.st
y
Package: fancyhdr 2025/02/07 v5.2 Extensive control of page headers and footers

\f@nch@headwidth=\skip55
\f@nch@offset@elh=\skip56
\f@nch@offset@erh=\skip57
\f@nch@offset@olh=\skip58
\f@nch@offset@orh=\skip59
\f@nch@offset@elf=\skip60
\f@nch@offset@erf=\skip61
\f@nch@offset@olf=\skip62
\f@nch@offset@orf=\skip63
\f@nch@height=\skip64
\f@nch@footalignment=\skip65
\f@nch@widthL=\skip66
\f@nch@widthC=\skip67
\f@nch@widthR=\skip68
\@temptokenb=\toks33
)
(C:\Users\Korisnik\AppData\Local\Programs\MiKTeX\tex/latex/tools\afterpage.sty
Package: afterpage 2023/07/04 v1.08 After-Page Package (DPC)
\AP@output=\toks34
\AP@partial=\box60
\AP@footins=\box61
)
(C:\Users\Korisnik\AppData\Local\Programs\MiKTeX\tex/latex/pdfpages\pdfpages.st
y
Package: pdfpages 2026/03/30 v0.6h Insert pages of external PDF documents (AM)
 (C:\Users\Korisnik\AppData\Local\Programs\MiKTeX\tex/latex/tools\calc.sty
Package: calc 2025/03/01 v4.3b Infix arithmetic (KKT,FJ)
\calc@Acount=\count333
\calc@Bcount=\count334
\calc@Adimen=\dimen261
\calc@Bdimen=\dimen262
\calc@Askip=\skip69
\calc@Bskip=\skip70
LaTeX Info: Redefining \setlength on input line 86.
LaTeX Info: Redefining \addtolength on input line 87.
\calc@Ccount=\count335
\calc@Cskip=\skip71
)
(C:\Users\Korisnik\AppData\Local\Programs\MiKTeX\tex/latex/eso-pic\eso-pic.sty
Package: eso-pic 2026/05/31 v3.0e eso-pic (RN)
\ESO@tempdima=\dimen263
\ESO@tempdimb=\dimen264

(C:\Users\Korisnik\AppData\Local\Programs\MiKTeX\tex/latex/xcolor\xcolor.sty
Package: xcolor 2024/09/29 v3.02 LaTeX color extensions (UK)

(C:\Users\Korisnik\AppData\Local\Programs\MiKTeX\tex/latex/graphics-cfg\color.c
fg
File: color.cfg 2016/01/02 v1.6 sample color configuration
)
Package xcolor Info: Driver file: pdftex.def on input line 274.

(C:\Users\Korisnik\AppData\Local\Programs\MiKTeX\tex/latex/graphics\mathcolor.l
tx)
Package xcolor Info: Model `cmy' substituted by `cmy0' on input line 1349.
Package xcolor Info: Model `hsb' substituted by `rgb' on input line 1353.
Package xcolor Info: Model `RGB' extended on input line 1365.
Package xcolor Info: Model `HTML' substituted by `rgb' on input line 1367.
Package xcolor Info: Model `Hsb' substituted by `hsb' on input line 1368.
Package xcolor Info: Model `tHsb' substituted by `hsb' on input line 1369.
Package xcolor Info: Model `HSB' substituted by `hsb' on input line 1370.
Package xcolor Info: Model `Gray' substituted by `gray' on input line 1371.
Package xcolor Info: Model `wave' substituted by `hsb' on input line 1372.
))
\AM@pagewidth=\dimen265
\AM@pageheight=\dimen266
\AM@fboxrule=\dimen267

(C:\Users\Korisnik\AppData\Local\Programs\MiKTeX\tex/latex/pdfpages\pppdftex.de
f
File: pppdftex.def 2026/03/30 v0.6h Pdfpages driver for pdfTeX (AM)
)
\pdfpages@includegraphics@status=\count336
\AM@pagebox=\box62
\AM@global@opts=\toks35
\AM@pagecnt=\count337
\AM@toc@title=\toks36
\AM@lof@heading=\toks37
\c@AM@survey=\count338
\AM@templatesizebox=\box63
)
(C:\Users\Korisnik\AppData\Local\Programs\MiKTeX\tex/latex/l3backend\l3backend-
pdftex.def
File: l3backend-pdftex.def 2025-10-09 L3 backend support: PDF output (pdfTeX)
\l__color_backend_stack_int=\count339
) (Diplomski.aux
Package babel Info: 'serbianc' activates 'serbianc' shorthands.
(babel)             Reported on input line 11.
)
\openout1 = `Diplomski.aux'.

LaTeX Font Info:    Checking defaults for OML/ntxmi/m/it on input line 55.
LaTeX Font Info:    Trying to load font information for OML+ntxmi on input line
 55.

(C:\Users\Korisnik\AppData\Local\Programs\MiKTeX\tex/latex/newtx\omlntxmi.fd
File: omlntxmi.fd 2015/08/25 Fontinst v1.933 font definitions for OML/ntxmi.
)
LaTeX Font Info:    ... okay on input line 55.
LaTeX Font Info:    Checking defaults for OMS/cmsy/m/n on input line 55.
LaTeX Font Info:    ... okay on input line 55.
LaTeX Font Info:    Checking defaults for OT1/cmr/m/n on input line 55.
LaTeX Font Info:    ... okay on input line 55.
LaTeX Font Info:    Checking defaults for T1/cmr/m/n on input line 55.
LaTeX Font Info:    ... okay on input line 55.
LaTeX Font Info:    Checking defaults for TS1/cmr/m/n on input line 55.
LaTeX Font Info:    ... okay on input line 55.
LaTeX Font Info:    Checking defaults for OMX/cmex/m/n on input line 55.
LaTeX Font Info:    ... okay on input line 55.
LaTeX Font Info:    Checking defaults for U/ntxexa/m/n on input line 55.
LaTeX Font Info:    Trying to load font information for U+ntxexa on input line 
55.

(C:\Users\Korisnik\AppData\Local\Programs\MiKTeX\tex/latex/newtx\untxexa.fd
File: untxexa.fd 2012/04/16 Fontinst v1.933 font definitions for U/ntxexa.
)
LaTeX Font Info:    ... okay on input line 55.
LaTeX Font Info:    Checking defaults for OT2/cmr/m/n on input line 55.
LaTeX Font Info:    Trying to load font information for OT2+cmr on input line 5
5.

(C:\Users\Korisnik\AppData\Local\Programs\MiKTeX\tex/latex/cyrillic\ot2cmr.fd
File: ot2cmr.fd 2001/08/11 v3.2c Computer Modern Cyrillic font definitions
)
LaTeX Font Info:    ... okay on input line 55.
LaTeX Font Info:    Checking defaults for T2A/cmr/m/n on input line 55.
LaTeX Font Info:    Trying to load font information for T2A+cmr on input line 5
5.

(C:\Users\Korisnik\AppData\Local\Programs\MiKTeX\tex/latex/cyrillic\t2acmr.fd
File: t2acmr.fd 2001/08/11 v1.0a Computer Modern Cyrillic font definitions
)
LaTeX Font Info:    ... okay on input line 55.
LaTeX Font Info:    Checking defaults for PD1/pdf/m/n on input line 55.
LaTeX Font Info:    ... okay on input line 55.
LaTeX Font Info:    Checking defaults for PU/pdf/m/n on input line 55.
LaTeX Font Info:    ... okay on input line 55.
LaTeX Font Info:    Checking defaults for LMS/ntxsy/m/n on input line 55.
LaTeX Font Info:    Trying to load font information for LMS+ntxsy on input line
 55.

(C:\Users\Korisnik\AppData\Local\Programs\MiKTeX\tex/latex/newtx\lmsntxsy.fd
File: lmsntxsy.fd 2016/07/02 Fontinst v1.933 font definitions for LMS/ntxsy.
)
LaTeX Font Info:    ... okay on input line 55.
LaTeX Font Info:    Checking defaults for LMX/ntxexx/m/n on input line 55.
LaTeX Font Info:    Trying to load font information for LMX+ntxexx on input lin
e 55.

(C:\Users\Korisnik\AppData\Local\Programs\MiKTeX\tex/latex/newtx\lmxntxexx.fd
File: lmxntxexx.fd 2016/07/03 Fontinst v1.933 font definitions for LMX/ntxexx.
)
LaTeX Font Info:    ... okay on input line 55.
LaTeX Encoding Info:    Redeclaring text command \v (encoding OT2) on input lin
e 55.
LaTeX Encoding Info:    Text composite with undeclared \v in encoding OT2 on in
put line 55.

(C:\Users\Korisnik\AppData\Local\Programs\MiKTeX\tex/context/base/mkii\supp-pdf
.mkii
[Loading MPS to PDF converter (version 2006.09.02).]
\scratchcounter=\count340
\scratchdimen=\dimen268
\scratchbox=\box64
\nofMPsegments=\count341
\nofMParguments=\count342
\everyMPshowfont=\toks38
\MPscratchCnt=\count343
\MPscratchDim=\dimen269
\MPnumerator=\count344
\makeMPintoPDFobject=\count345
\everyMPtoPDFconversion=\toks39
)
(C:\Users\Korisnik\AppData\Local\Programs\MiKTeX\tex/latex/epstopdf-pkg\epstopd
f-base.sty
Package: epstopdf-base 2020-01-24 v2.11 Base part for package epstopdf
Package epstopdf-base Info: Redefining graphics rule for `.eps' on input line 4
85.

(C:\Users\Korisnik\AppData\Local\Programs\MiKTeX\tex/latex/00miktex\epstopdf-sy
s.cfg
File: epstopdf-sys.cfg 2021/03/18 v2.0 Configuration of epstopdf for MiKTeX
))
Package caption Info: Begin \AtBeginDocument code.
Package caption Info: float package is loaded.
Package caption Info: hyperref package is loaded.
Package caption Info: End \AtBeginDocument code.
Package hyperref Info: Link coloring OFF on input line 55.
 (Diplomski.out) (Diplomski.out)
\@outlinefile=\write4
\openout4 = `Diplomski.out'.

LaTeX Info: Command `\dddot' is already robust on input line 55.
LaTeX Info: Command `\ddddot' is already robust on input line 55.

(C:\Users\Korisnik\AppData\Local\Programs\MiKTeX\tex/latex/pdflscape\pdflscape.
sty
Package: pdflscape 2022-10-27 v0.13 Display of landscape pages in PDF

(C:\Users\Korisnik\AppData\Local\Programs\MiKTeX\tex/latex/pdflscape\pdflscape-
nometadata.sty
Package: pdflscape-nometadata 2022-10-28 v0.13 Display of landscape pages in PD
F (HO)

(C:\Users\Korisnik\AppData\Local\Programs\MiKTeX\tex/latex/graphics\lscape.sty
Package: lscape 2020/05/28 v3.02 Landscape Pages (DPC)
)
Package pdflscape Info: Auto-detected driver: pdftex on input line 81.
))

pdfTeX warning: pdflatex.exe (file ./Prva1.pdf): PDF inclusion: found PDF versi
on <1.7>, but at most version <1.5> allowed
<Prva1.pdf, id=163, 597.79335pt x 845.67947pt>
File: Prva1.pdf Graphic file (type pdf)
<use Prva1.pdf>
Package pdftex.def Info: Prva1.pdf  used on input line 58.
(pdftex.def)             Requested size: 597.79189pt x 845.67741pt.


pdfTeX warning: pdflatex.exe (file ./Prva1.pdf): PDF inclusion: found PDF versi
on <1.7>, but at most version <1.5> allowed


pdfTeX warning: pdflatex.exe (file ./Prva1.pdf): PDF inclusion: found PDF versi
on <1.7>, but at most version <1.5> allowed
<Prva1.pdf, id=165, page=1, 597.79335pt x 845.67947pt>
File: Prva1.pdf Graphic file (type pdf)
<use Prva1.pdf, page 1>
Package pdftex.def Info: Prva1.pdf , page1 used on input line 58.
(pdftex.def)             Requested size: 597.79189pt x 845.67741pt.
File: Prva1.pdf Graphic file (type pdf)
<use Prva1.pdf, page 1>
Package pdftex.def Info: Prva1.pdf , page1 used on input line 58.
(pdftex.def)             Requested size: 562.39102pt x 795.59692pt.
File: Prva1.pdf Graphic file (type pdf)
<use Prva1.pdf, page 1>
Package pdftex.def Info: Prva1.pdf , page1 used on input line 58.
(pdftex.def)             Requested size: 562.39102pt x 795.59692pt.
File: Prva1.pdf Graphic file (type pdf)
<use Prva1.pdf, page 1>
Package pdftex.def Info: Prva1.pdf , page1 used on input line 58.
(pdftex.def)             Requested size: 562.39102pt x 795.59692pt.
File: Prva1.pdf Graphic file (type pdf)
<use Prva1.pdf, page 1>
Package pdftex.def Info: Prva1.pdf , page1 used on input line 58.
(pdftex.def)             Requested size: 562.39102pt x 795.59692pt.
[1


 <./Prva1.pdf>]

pdfTeX warning: pdflatex.exe (file ./DrugaTreca1.pdf): PDF inclusion: found PDF
 version <1.7>, but at most version <1.5> allowed
<DrugaTreca1.pdf, id=204, 597.79335pt x 845.67947pt>
File: DrugaTreca1.pdf Graphic file (type pdf)
<use DrugaTreca1.pdf>
Package pdftex.def Info: DrugaTreca1.pdf  used on input line 61.
(pdftex.def)             Requested size: 597.79189pt x 845.67741pt.


pdfTeX warning: pdflatex.exe (file ./DrugaTreca1.pdf): PDF inclusion: found PDF
 version <1.7>, but at most version <1.5> allowed


pdfTeX warning: pdflatex.exe (file ./DrugaTreca1.pdf): PDF inclusion: found PDF
 version <1.7>, but at most version <1.5> allowed
<DrugaTreca1.pdf, id=206, page=1, 597.79335pt x 845.67947pt>
File: DrugaTreca1.pdf Graphic file (type pdf)
<use DrugaTreca1.pdf, page 1>
Package pdftex.def Info: DrugaTreca1.pdf , page1 used on input line 61.
(pdftex.def)             Requested size: 597.79189pt x 845.67741pt.
File: DrugaTreca1.pdf Graphic file (type pdf)
<use DrugaTreca1.pdf, page 1>
Package pdftex.def Info: DrugaTreca1.pdf , page1 used on input line 61.
(pdftex.def)             Requested size: 562.39102pt x 795.59692pt.
File: DrugaTreca1.pdf Graphic file (type pdf)
<use DrugaTreca1.pdf, page 1>
Package pdftex.def Info: DrugaTreca1.pdf , page1 used on input line 61.
(pdftex.def)             Requested size: 562.39102pt x 795.59692pt.
File: DrugaTreca1.pdf Graphic file (type pdf)
<use DrugaTreca1.pdf, page 1>
Package pdftex.def Info: DrugaTreca1.pdf , page1 used on input line 61.
(pdftex.def)             Requested size: 562.39102pt x 795.59692pt.

pdfTeX warning (ext4): destination with the same identifier (name{page.1}) has 
been already used, duplicate ignored
<to be read again> 
                   \relax 
l.61 	\includepdf[pages=1-2]{DrugaTreca1.pdf}
                                             
File: DrugaTreca1.pdf Graphic file (type pdf)
<use DrugaTreca1.pdf, page 1>
Package pdftex.def Info: DrugaTreca1.pdf , page1 used on input line 61.
(pdftex.def)             Requested size: 562.39102pt x 795.59692pt.
 [1

 <./DrugaTreca1.pdf>]

pdfTeX warning: pdflatex.exe (file ./DrugaTreca1.pdf): PDF inclusion: found PDF
 version <1.7>, but at most version <1.5> allowed
<DrugaTreca1.pdf, id=351, page=2, 597.79335pt x 845.67947pt>
File: DrugaTreca1.pdf Graphic file (type pdf)
<use DrugaTreca1.pdf, page 2>
Package pdftex.def Info: DrugaTreca1.pdf , page2 used on input line 61.
(pdftex.def)             Requested size: 562.39102pt x 795.59692pt.
File: DrugaTreca1.pdf Graphic file (type pdf)
<use DrugaTreca1.pdf, page 2>
Package pdftex.def Info: DrugaTreca1.pdf , page2 used on input line 61.
(pdftex.def)             Requested size: 562.39102pt x 795.59692pt.
File: DrugaTreca1.pdf Graphic file (type pdf)
<use DrugaTreca1.pdf, page 2>
Package pdftex.def Info: DrugaTreca1.pdf , page2 used on input line 61.
(pdftex.def)             Requested size: 562.39102pt x 795.59692pt.
[2

 <./DrugaTreca1.pdf>]

pdfTeX warning: pdflatex.exe (file ./Cetvrta1.pdf): PDF inclusion: found PDF ve
rsion <1.7>, but at most version <1.5> allowed
<Cetvrta1.pdf, id=401, 597.79335pt x 845.67947pt>
File: Cetvrta1.pdf Graphic file (type pdf)
<use Cetvrta1.pdf>
Package pdftex.def Info: Cetvrta1.pdf  used on input line 62.
(pdftex.def)             Requested size: 597.79189pt x 845.67741pt.


pdfTeX warning: pdflatex.exe (file ./Cetvrta1.pdf): PDF inclusion: found PDF ve
rsion <1.7>, but at most version <1.5> allowed


pdfTeX warning: pdflatex.exe (file ./Cetvrta1.pdf): PDF inclusion: found PDF ve
rsion <1.7>, but at most version <1.5> allowed
<Cetvrta1.pdf, id=403, page=1, 597.79335pt x 845.67947pt>
File: Cetvrta1.pdf Graphic file (type pdf)
<use Cetvrta1.pdf, page 1>
Package pdftex.def Info: Cetvrta1.pdf , page1 used on input line 62.
(pdftex.def)             Requested size: 597.79189pt x 845.67741pt.
File: Cetvrta1.pdf Graphic file (type pdf)
<use Cetvrta1.pdf, page 1>
Package pdftex.def Info: Cetvrta1.pdf , page1 used on input line 62.
(pdftex.def)             Requested size: 562.39102pt x 795.59692pt.
File: Cetvrta1.pdf Graphic file (type pdf)
<use Cetvrta1.pdf, page 1>
Package pdftex.def Info: Cetvrta1.pdf , page1 used on input line 62.
(pdftex.def)             Requested size: 562.39102pt x 795.59692pt.
File: Cetvrta1.pdf Graphic file (type pdf)
<use Cetvrta1.pdf, page 1>
Package pdftex.def Info: Cetvrta1.pdf , page1 used on input line 62.
(pdftex.def)             Requested size: 562.39102pt x 795.59692pt.
File: Cetvrta1.pdf Graphic file (type pdf)
<use Cetvrta1.pdf, page 1>
Package pdftex.def Info: Cetvrta1.pdf , page1 used on input line 62.
(pdftex.def)             Requested size: 562.39102pt x 795.59692pt.
[3

 <./Cetvrta1.pdf>] (Diplomski.toc
LaTeX Font Info:    Trying to load font information for T1+cmsrbr on input line
 1.

(C:\Users\Korisnik\AppData\Local\Programs\MiKTeX\tex/latex/cmsrb\t1cmsrbr.fd
File: t1cmsrbr.fd 
)
LaTeX Font Info:    Trying to load font information for OT1+cmsrbr on input lin
e 3.
LaTeX Font Info:    No file OT1cmsrbr.fd. on input line 3.


LaTeX Font Warning: Font shape `OT1/cmsrbr/m/n' undefined
(Font)              using `OT1/cmr/m/n' instead on input line 3.


LaTeX Font Warning: Font shape `OT1/cmsrbr/m/n' in size <5.5> not available
(Font)              size <5> substituted on input line 3.

LaTeX Font Info:    Font shape `OML/ntxmi/m/it' will be
(Font)              scaled to size 10.0pt on input line 3.
LaTeX Font Info:    Font shape `OML/ntxmi/m/it' will be
(Font)              scaled to size 7.3pt on input line 3.
LaTeX Font Info:    Font shape `OML/ntxmi/m/it' will be
(Font)              scaled to size 5.5pt on input line 3.
LaTeX Font Info:    Font shape `LMS/ntxsy/m/n' will be
(Font)              scaled to size 10.0pt on input line 3.
LaTeX Font Info:    Font shape `LMS/ntxsy/m/n' will be
(Font)              scaled to size 7.3pt on input line 3.
LaTeX Font Info:    Font shape `LMS/ntxsy/m/n' will be
(Font)              scaled to size 5.5pt on input line 3.
LaTeX Font Info:    Font shape `LMX/ntxexx/m/n' will be
(Font)              scaled to size 10.0pt on input line 3.
LaTeX Font Info:    Font shape `LMX/ntxexx/m/n' will be
(Font)              scaled to size 7.3pt on input line 3.
LaTeX Font Info:    Font shape `LMX/ntxexx/m/n' will be
(Font)              scaled to size 5.5pt on input line 3.
LaTeX Font Info:    Trying to load font information for U+msa on input line 3.
(C:\Users\Korisnik\AppData\Local\Programs\MiKTeX\tex/latex/amsfonts\umsa.fd
File: umsa.fd 2013/01/14 v3.01 AMS symbols A
)
LaTeX Font Info:    Trying to load font information for U+msb on input line 3.

(C:\Users\Korisnik\AppData\Local\Programs\MiKTeX\tex/latex/amsfonts\umsb.fd
File: umsb.fd 2013/01/14 v3.01 AMS symbols B
)
LaTeX Font Info:    Trying to load font information for U+ntxmia on input line 
3.

(C:\Users\Korisnik\AppData\Local\Programs\MiKTeX\tex/latex/newtx\untxmia.fd
File: untxmia.fd 2024/04/09 Fontinst v1.933 font definitions for U/ntxmia.
)
LaTeX Font Info:    Font shape `U/ntxmia/m/it' will be
(Font)              scaled to size 10.0pt on input line 3.
LaTeX Font Info:    Font shape `U/ntxmia/m/it' will be
(Font)              scaled to size 7.3pt on input line 3.
LaTeX Font Info:    Font shape `U/ntxmia/m/it' will be
(Font)              scaled to size 5.5pt on input line 3.
LaTeX Font Info:    Trying to load font information for U+ntxsym on input line 
3.

(C:\Users\Korisnik\AppData\Local\Programs\MiKTeX\tex/latex/newtx\untxsym.fd
File: untxsym.fd 2023/08/16 Fontinst v1.933 font definitions for U/ntxsym.
)
LaTeX Font Info:    Font shape `U/ntxsym/m/n' will be
(Font)              scaled to size 10.0pt on input line 3.
LaTeX Font Info:    Font shape `U/ntxsym/m/n' will be
(Font)              scaled to size 7.3pt on input line 3.
LaTeX Font Info:    Font shape `U/ntxsym/m/n' will be
(Font)              scaled to size 5.5pt on input line 3.
LaTeX Font Info:    Trying to load font information for U+ntxsyc on input line 
3.

(C:\Users\Korisnik\AppData\Local\Programs\MiKTeX\tex/latex/newtx\untxsyc.fd
File: untxsyc.fd 2012/04/12 Fontinst v1.933 font definitions for U/ntxsyc.
)
LaTeX Font Info:    Font shape `U/ntxsyc/m/n' will be
(Font)              scaled to size 10.0pt on input line 3.
LaTeX Font Info:    Font shape `U/ntxsyc/m/n' will be
(Font)              scaled to size 7.3pt on input line 3.
LaTeX Font Info:    Font shape `U/ntxsyc/m/n' will be
(Font)              scaled to size 5.5pt on input line 3.
LaTeX Font Info:    Font shape `U/ntxexa/m/n' will be
(Font)              scaled to size 10.0pt on input line 3.
LaTeX Font Info:    Font shape `U/ntxexa/m/n' will be
(Font)              scaled to size 7.3pt on input line 3.
LaTeX Font Info:    Font shape `U/ntxexa/m/n' will be
(Font)              scaled to size 5.5pt on input line 3.
)
\tf@toc=\write5
\openout5 = `Diplomski.toc'.


[4{C:/Users/Korisnik/AppData/Local/MiKTeX/fonts/map/pdftex/pdftex.map}{C:/Users
/Korisnik/AppData/Local/Programs/MiKTeX/fonts/enc/dvips/cmsrb/cmsrbt2a.enc}]
[5]
pdfTeX warning (ext4): destination with the same identifier (name{page.5}) has 
been already used, duplicate ignored
<to be read again> 
                   \relax 
l.66 	
       [5] [6]
<07_curse_of_dim.png, id=522, 1004.0712pt x 426.393pt>
File: 07_curse_of_dim.png Graphic file (type png)
<use 07_curse_of_dim.png>
Package pdftex.def Info: 07_curse_of_dim.png  used on input line 89.
(pdftex.def)             Requested size: 345.0pt x 146.50716pt.
 [7]
LaTeX Font Info:    Trying to load font information for TS1+cmsrbr on input lin
e 99.

(C:\Users\Korisnik\AppData\Local\Programs\MiKTeX\tex/latex/cmsrb\ts1cmsrbr.fd
File: ts1cmsrbr.fd 
)
Overfull \hbox (12.91202pt too wide) in paragraph at lines 111--112
[]\T2A/cmsrbr/b/n/10 Ëčíĺŕđíîńň: \T2A/cmsrbr/m/n/10 ëč-íĺ-ŕđ-íĺ (PCA, LDA) íŕ-ń
ďđŕě íĺ-ëč-íĺ-ŕđ-íčő (t-SNE, UMAP).
 []


LaTeX Font Warning: Font shape `OT1/cmsrbr/b/n' undefined
(Font)              using `OT1/cmsrbr/m/n' instead on input line 113.


LaTeX Font Warning: Font shape `OT1/cmsrbr/b/n' in size <5.5> not available
(Font)              size <5> substituted on input line 113.


Overfull \hbox (7.772pt too wide) in paragraph at lines 113--114
[]\T2A/cmsrbr/b/n/10 Íŕäçîđ: \T2A/cmsrbr/m/n/10 íĺ-íŕä-ăëĺ-äŕ-íĺ (PCA, t-SNE, U
MAP) íŕ-ńďđŕě íŕä-ăëĺ-äŕ-íčő (LDA).
 []

[8{C:/Users/Korisnik/AppData/Local/Programs/MiKTeX/fonts/enc/dvips/cmsrb/cmsrbt
s1.enc} <./07_curse_of_dim.png>]
Overfull \hbox (21.83499pt too wide) in paragraph at lines 125--126
\T2A/cmsrbr/m/n/10 äč, íĺ-ôëŕ-âî-íî-č-äč, ďđî-ŕí-ňî-öč-jŕ-íč, čí-ňĺí-çč-ňĺň áî-
jĺ, íč-jŕí-ńŕ, OD280/OD315,
 []

[9]
Overfull \hbox (1.00284pt too wide) in paragraph at lines 134--134
[]\T2A/cmsrbr/b/n/14.4 Ëčíĺŕđíĺ ěĺ-ňî-äĺ ńěŕ-»ĺ-»ŕ äč-ěĺí-çč-î-íŕë-íî-
 []

LaTeX Font Info:    Font shape `OML/ntxmi/b/it' will be
(Font)              scaled to size 10.0pt on input line 164.
LaTeX Font Info:    Font shape `OML/ntxmi/b/it' will be
(Font)              scaled to size 7.3pt on input line 164.
LaTeX Font Info:    Font shape `OML/ntxmi/b/it' will be
(Font)              scaled to size 5.5pt on input line 164.
LaTeX Font Info:    Font shape `LMS/ntxsy/b/n' will be
(Font)              scaled to size 10.0pt on input line 164.
LaTeX Font Info:    Font shape `LMS/ntxsy/b/n' will be
(Font)              scaled to size 7.3pt on input line 164.
LaTeX Font Info:    Font shape `LMS/ntxsy/b/n' will be
(Font)              scaled to size 5.5pt on input line 164.
LaTeX Font Info:    Font shape `LMX/ntxexx/b/n' will be
(Font)              scaled to size 10.0pt on input line 164.
LaTeX Font Info:    Font shape `LMX/ntxexx/b/n' will be
(Font)              scaled to size 7.3pt on input line 164.
LaTeX Font Info:    Font shape `LMX/ntxexx/b/n' will be
(Font)              scaled to size 5.5pt on input line 164.
LaTeX Font Info:    Font shape `U/ntxmia/b/it' will be
(Font)              scaled to size 10.0pt on input line 164.
LaTeX Font Info:    Font shape `U/ntxmia/b/it' will be
(Font)              scaled to size 7.3pt on input line 164.
LaTeX Font Info:    Font shape `U/ntxmia/b/it' will be
(Font)              scaled to size 5.5pt on input line 164.
LaTeX Font Info:    Font shape `U/ntxsym/b/n' will be
(Font)              scaled to size 10.0pt on input line 164.
LaTeX Font Info:    Font shape `U/ntxsym/b/n' will be
(Font)              scaled to size 7.3pt on input line 164.
LaTeX Font Info:    Font shape `U/ntxsym/b/n' will be
(Font)              scaled to size 5.5pt on input line 164.
LaTeX Font Info:    Font shape `U/ntxsyc/b/n' will be
(Font)              scaled to size 10.0pt on input line 164.
LaTeX Font Info:    Font shape `U/ntxsyc/b/n' will be
(Font)              scaled to size 7.3pt on input line 164.
LaTeX Font Info:    Font shape `U/ntxsyc/b/n' will be
(Font)              scaled to size 5.5pt on input line 164.
LaTeX Font Info:    Font shape `U/ntxexa/b/n' will be
(Font)              scaled to size 10.0pt on input line 164.
LaTeX Font Info:    Font shape `U/ntxexa/b/n' will be
(Font)              scaled to size 7.3pt on input line 164.
LaTeX Font Info:    Font shape `U/ntxexa/b/n' will be
(Font)              scaled to size 5.5pt on input line 164.
[10] [11] [12]
<01_pca_wine.png, id=575, 1293.1512pt x 427.3566pt>
File: 01_pca_wine.png Graphic file (type png)
<use 01_pca_wine.png>
Package pdftex.def Info: 01_pca_wine.png  used on input line 221.
(pdftex.def)             Requested size: 345.0pt x 114.0119pt.
 [13 <./01_pca_wine.png>]
<06a_pca_loadings.png, id=585, 426.393pt x 569.9694pt>
File: 06a_pca_loadings.png Graphic file (type png)
<use 06a_pca_loadings.png>
Package pdftex.def Info: 06a_pca_loadings.png  used on input line 241.
(pdftex.def)             Requested size: 199.16928pt x 266.23322pt.
 [14 <./06a_pca_loadings.png>]
<03_pca_failures.png, id=594, 1003.1076pt x 710.655pt>
File: 03_pca_failures.png Graphic file (type png)
<use 03_pca_failures.png>
Package pdftex.def Info: 03_pca_failures.png  used on input line 259.
(pdftex.def)             Requested size: 345.0pt x 244.41718pt.
 [15 <./03_pca_failures.png>] [16

] [17] [18]
<02_lda_wine.png, id=620, 859.5312pt x 427.3566pt>
File: 02_lda_wine.png Graphic file (type png)
<use 02_lda_wine.png>
Package pdftex.def Info: 02_lda_wine.png  used on input line 339.
(pdftex.def)             Requested size: 345.0pt x 171.533pt.
<06b_lda_scalings.png, id=622, 426.393pt x 569.9694pt>
File: 06b_lda_scalings.png Graphic file (type png)
<use 06b_lda_scalings.png>
Package pdftex.def Info: 06b_lda_scalings.png  used on input line 348.
(pdftex.def)             Requested size: 199.16928pt x 266.23322pt.
 [19 <./02_lda_wine.png>] [20 <./06b_lda_scalings.png>]
<04_lda_failures.png, id=637, 1004.0712pt x 710.655pt>
File: 04_lda_failures.png Graphic file (type png)
<use 04_lda_failures.png>
Package pdftex.def Info: 04_lda_failures.png  used on input line 383.
(pdftex.def)             Requested size: 345.0pt x 244.17862pt.
 [21]
<05_pca_fail_lda_win.png, id=644, 1293.1512pt x 427.3566pt>
File: 05_pca_fail_lda_win.png Graphic file (type png)
<use 05_pca_fail_lda_win.png>
Package pdftex.def Info: 05_pca_fail_lda_win.png  used on input line 399.
(pdftex.def)             Requested size: 345.0pt x 114.0119pt.
 [22 <./04_lda_failures.png>] [23 <./05_pca_fail_lda_win.png>]
Overfull \hbox (0.31163pt too wide) in paragraph at lines 407--407
[]\T2A/cmsrbr/b/n/14.4 Íĺëčíĺŕđíĺ ěĺ-ňî-äĺ ńěŕ-»ĺ-»ŕ äč-ěĺí-çč-î-íŕë-
 []

[24

] [25]
<t03_hyperparametri.png, id=672, 1437.6912pt x 710.655pt>
File: t03_hyperparametri.png Graphic file (type png)
<use t03_hyperparametri.png>
Package pdftex.def Info: t03_hyperparametri.png  used on input line 466.
(pdftex.def)             Requested size: 345.0pt x 170.52815pt.
 [26]
<t01_tsne_wine.png, id=679, 1004.0712pt x 427.3566pt>
File: t01_tsne_wine.png Graphic file (type png)
<use t01_tsne_wine.png>
Package pdftex.def Info: t01_tsne_wine.png  used on input line 480.
(pdftex.def)             Requested size: 345.0pt x 146.83826pt.
 [27 <./t03_hyperparametri.png>]
<t06_izuzeci_tsne.png, id=687, 642.7212pt x 427.3566pt>
File: t06_izuzeci_tsne.png Graphic file (type png)
<use t06_izuzeci_tsne.png>
Package pdftex.def Info: t06_izuzeci_tsne.png  used on input line 500.
(pdftex.def)             Requested size: 284.52756pt x 189.18517pt.
 [28 <./t01_tsne_wine.png>]
[29 <./t06_izuzeci_tsne.png>]
Overfull \hbox (9.26582pt too wide) in paragraph at lines 510--511
[]\T2A/cmsrbr/m/n/10 UMAP, Ójĺä-íŕ-÷ĺ-íŕ ŕďđîę-ńč-ěŕ-öč-jŕ ěíî-ăî-ńňđó-ęî-ńňč (
ĺíăë. \T2A/cmsrbr/m/it/10 Uniform Manifold
 []


Overfull \hbox (0.29567pt too wide) in paragraph at lines 526--527
[]\T2A/cmsrbr/b/n/10 Ęîđŕę 2 - Đŕ-ńďî-đĺ-˘č-âŕ-»ĺ ňŕ-÷ŕ-ęŕ ó ěŕ-»ĺě ďđî-ńňî-đó.
 \T2A/cmsrbr/m/n/10 Çŕ-ňčě UMAP
 []

[30

]
Overfull \hbox (1.74988pt too wide) in paragraph at lines 548--550
\T2A/cmsrbr/m/n/10 ăäjĺ ńó $\OML/ntxmi/m/it/10 a$ \T2A/cmsrbr/m/n/10 č $\OML/nt
xmi/m/it/10 b$ \T2A/cmsrbr/m/n/10 ďŕ-đŕ-ěĺ-ňđč ÷č-jĺ âđč-jĺä-íî-ńňč çŕ-âč-ńĺ îä
 őč-ďĺđ-ďŕ-đŕ-ěĺ-ňđŕ $\OML/ntxmi/m/it/10 min[]dist$\T2A/cmsrbr/m/n/10 ,
 []

[31]
<t07_izuzeci_umap.png, id=718, 1293.1512pt x 427.3566pt>
File: t07_izuzeci_umap.png Graphic file (type png)
<use t07_izuzeci_umap.png>
Package pdftex.def Info: t07_izuzeci_umap.png  used on input line 569.
(pdftex.def)             Requested size: 345.0pt x 114.0119pt.
 [32 <./t07_izuzeci_umap.png>]
<t02_umap_wine.png, id=727, 1004.0712pt x 427.3566pt>
File: t02_umap_wine.png Graphic file (type png)
<use t02_umap_wine.png>
Package pdftex.def Info: t02_umap_wine.png  used on input line 583.
(pdftex.def)             Requested size: 345.0pt x 146.83826pt.
 [33 <./t02_umap_wine.png>]
<t04_poredenje.png, id=734, 1437.2094pt x 427.3566pt>
File: t04_poredenje.png Graphic file (type png)
<use t04_poredenje.png>
Package pdftex.def Info: t04_poredenje.png  used on input line 601.
(pdftex.def)             Requested size: 345.0pt x 102.58723pt.
<t05_nelinearne_komplet.png, id=736, 1445.4pt x 722.7pt>
File: t05_nelinearne_komplet.png Graphic file (type png)
<use t05_nelinearne_komplet.png>
Package pdftex.def Info: t05_nelinearne_komplet.png  used on input line 615.
(pdftex.def)             Requested size: 345.0pt x 172.49214pt.
 [34

 <./t04_poredenje.png>] [35 <./t05_nelinearne_komplet.png>]
<t08_transform.png, id=752, 1437.6912pt x 427.3566pt>
File: t08_transform.png Graphic file (type png)
<use t08_transform.png>
Package pdftex.def Info: t08_transform.png  used on input line 637.
(pdftex.def)             Requested size: 345.0pt x 102.54811pt.
 [36

 <./t08_transform.png>]
<08_outlier_1D.png, id=762, 1293.633pt x 569.4876pt>
File: 08_outlier_1D.png Graphic file (type png)
<use 08_outlier_1D.png>
Package pdftex.def Info: 08_outlier_1D.png  used on input line 651.
(pdftex.def)             Requested size: 345.0pt x 151.86935pt.

[37 <./08_outlier_1D.png>]
Underfull \hbox (badness 10000) in paragraph at lines 674--674
[]\T2A/cmsrbr/m/n/10 Ěŕęń. âŕ-đč-
 []


Underfull \hbox (badness 10000) in paragraph at lines 674--674
[]\T2A/cmsrbr/m/n/10 Ëîę. ńó-ńjĺä-
 []


Underfull \hbox (badness 10000) in paragraph at lines 682--682
[]\T2A/cmsrbr/m/n/10 ×óâŕ»ĺ ăëî-áŕë-íĺ
 []

[38

] [39]
Underfull \hbox (badness 10000) in paragraph at lines 736--737
[]\T2A/cmsrbr/m/n/10 L. McInnes, J. Healy, and J. Melville, \T2A/cmsrbr/m/it/10
 ,,UMAP: Uniform
 []


Underfull \hbox (badness 1931) in paragraph at lines 736--737
\T2A/cmsrbr/m/it/10 Manifold Approximation and Projection for Dimension Reducti
on''\T2A/cmsrbr/m/n/10 ,
 []

LaTeX Font Info:    Trying to load font information for T2A+cmsrbt on input lin
e 739.
(C:\Users\Korisnik\AppData\Local\Programs\MiKTeX\tex/latex/cmsrb\t2acmsrbt.fd
File: t2acmsrbt.fd 
)
Underfull \hbox (badness 1365) in paragraph at lines 739--740
[]\T2A/cmsrbr/m/n/10 A. Coenen and A. Pearce, \T2A/cmsrbr/m/it/10 ,,Understandi
ng UMAP''\T2A/cmsrbr/m/n/10 , Google PAIR
 []


Underfull \hbox (badness 10000) in paragraph at lines 739--740
\T2A/cmsrbr/m/n/10 Research, 2019. Äî-ńňóď-íî íŕ: []$\T2A/cmsrbt/m/n/10 https :
 / / pair-[]code . github . io /
 []


Package caption Warning: Unused \captionsetup[sub] on input line 29.
See the caption package documentation for explanation.

[40] (Diplomski.aux)
 ***********
LaTeX2e <2025-11-01>
L3 programming layer <2025-12-24>
 ***********


LaTeX Font Warning: Size substitutions with differences
(Font)              up to 1.97499pt have occurred.


LaTeX Font Warning: Some font shapes were not available, defaults substituted.

Package rerunfilecheck Info: File `Diplomski.out' has not changed.
(rerunfilecheck)             Checksum: 703DFABF1FF904EF3C1738E596EF8635;9777.
 ) 
Here is how much of TeX's memory you used:
 19662 strings out of 467871
 307899 string characters out of 5416924
 711363 words of memory out of 5000000
 48068 multiletter control sequences out of 15000+600000
 695734 words of font info for 165 fonts, out of 8000000 for 9000
 1141 hyphenation exceptions out of 8191
 86i,17n,117p,1574b,672s stack positions out of 10000i,1000n,20000p,200000b,200000s
<C:/Users/Korisnik/AppData/Local/Programs/MiKTeX/fonts/type1/public/newtx/New
TXBMI.pfb><C:/Users/Korisnik/AppData/Local/Programs/MiKTeX/fonts/type1/public/n
ewtx/NewTXMI.pfb><C:/Users/Korisnik/AppData/Local/Programs/MiKTeX/fonts/type1/p
ublic/newtx/NewTXMI5.pfb><C:/Users/Korisnik/AppData/Local/Programs/MiKTeX/fonts
/type1/public/newtx/NewTXMI7.pfb><C:/Users/Korisnik/AppData/Local/Programs/MiKT
eX/fonts/type1/public/amsfonts/cm/cmr10.pfb><C:/Users/Korisnik/AppData/Local/Pr
ograms/MiKTeX/fonts/type1/public/amsfonts/cm/cmr7.pfb><C:/Users/Korisnik/AppDat
a/Local/Programs/MiKTeX/fonts/type1/public/cmsrb/cmsrbrb.pfb><C:/Users/Korisnik
/AppData/Local/Programs/MiKTeX/fonts/type1/public/cmsrb/cmsrbri.pfb><C:/Users/K
orisnik/AppData/Local/Programs/MiKTeX/fonts/type1/public/cmsrb/cmsrbrr.pfb><C:/
Users/Korisnik/AppData/Local/Programs/MiKTeX/fonts/type1/public/cmsrb/cmsrbrx.p
fb><C:/Users/Korisnik/AppData/Local/Programs/MiKTeX/fonts/type1/public/cmsrb/cm
srbtr.pfb><C:/Users/Korisnik/AppData/Local/Programs/MiKTeX/fonts/type1/public/n
ewtx/txexs.pfb><C:/Users/Korisnik/AppData/Local/Programs/MiKTeX/fonts/type1/pub
lic/newtx/txmiaX.pfb><C:/Users/Korisnik/AppData/Local/Programs/MiKTeX/fonts/typ
e1/public/newtx/txsym.pfb><C:/Users/Korisnik/AppData/Local/Programs/MiKTeX/font
s/type1/public/newtx/txsys.pfb>
Output written on Diplomski.pdf (42 pages, 4052025 bytes).
PDF statistics:
 887 PDF objects out of 1000 (max. 8388607)
 130 named destinations out of 1000 (max. 500000)
 456 words of extra memory for PDF output out of 10000 (max. 10000000)

